VCD info: dumpfile results/tb_bias_and_quantize.vcd opened for output.
Time: 0 | dout_relu:   65536 | bias: -128 | dout:   x
Time: 5 | dout_relu:   65536 | bias: -127 | dout:  63
Time: 10 | dout_relu:   65536 | bias: -126 | dout:  63
Time: 15 | dout_relu:   65536 | bias: -125 | dout:  63
Time: 20 | dout_relu:   65536 | bias: -124 | dout:  63
Time: 25 | dout_relu:   65536 | bias: -123 | dout:  63
Time: 30 | dout_relu:   65536 | bias: -122 | dout:  63
Time: 35 | dout_relu:   65536 | bias: -121 | dout:  63
Time: 40 | dout_relu:   65536 | bias: -120 | dout:  63
Time: 45 | dout_relu:   65536 | bias: -119 | dout:  63
Time: 50 | dout_relu:   65536 | bias: -118 | dout:  63
Time: 55 | dout_relu:   65536 | bias: -117 | dout:  63
Time: 60 | dout_relu:   65536 | bias: -116 | dout:  63
Time: 65 | dout_relu:   65536 | bias: -115 | dout:  63
Time: 70 | dout_relu:   65536 | bias: -114 | dout:  63
Time: 75 | dout_relu:   65536 | bias: -113 | dout:  63
Time: 80 | dout_relu:   65536 | bias: -112 | dout:  63
Time: 85 | dout_relu:   65536 | bias: -111 | dout:  63
Time: 90 | dout_relu:   65536 | bias: -110 | dout:  63
Time: 95 | dout_relu:   65536 | bias: -109 | dout:  63
Time: 100 | dout_relu:   65536 | bias: -108 | dout:  63
Time: 105 | dout_relu:   65536 | bias: -107 | dout:  63
Time: 110 | dout_relu:   65536 | bias: -106 | dout:  63
Time: 115 | dout_relu:   65536 | bias: -105 | dout:  63
Time: 120 | dout_relu:   65536 | bias: -104 | dout:  63
Time: 125 | dout_relu:   65536 | bias: -103 | dout:  63
Time: 130 | dout_relu:   65536 | bias: -102 | dout:  63
Time: 135 | dout_relu:   65536 | bias: -101 | dout:  63
Time: 140 | dout_relu:   65536 | bias: -100 | dout:  63
Time: 145 | dout_relu:   65536 | bias:  -99 | dout:  63
Time: 150 | dout_relu:   65536 | bias:  -98 | dout:  63
Time: 155 | dout_relu:   65536 | bias:  -97 | dout:  63
Time: 160 | dout_relu:   65536 | bias:  -96 | dout:  63
Time: 165 | dout_relu:   65536 | bias:  -95 | dout:  63
Time: 170 | dout_relu:   65536 | bias:  -94 | dout:  63
Time: 175 | dout_relu:   65536 | bias:  -93 | dout:  63
Time: 180 | dout_relu:   65536 | bias:  -92 | dout:  63
Time: 185 | dout_relu:   65536 | bias:  -91 | dout:  63
Time: 190 | dout_relu:   65536 | bias:  -90 | dout:  63
Time: 195 | dout_relu:   65536 | bias:  -89 | dout:  63
Time: 200 | dout_relu:   65536 | bias:  -88 | dout:  63
Time: 205 | dout_relu:   65536 | bias:  -87 | dout:  63
Time: 210 | dout_relu:   65536 | bias:  -86 | dout:  63
Time: 215 | dout_relu:   65536 | bias:  -85 | dout:  63
Time: 220 | dout_relu:   65536 | bias:  -84 | dout:  63
Time: 225 | dout_relu:   65536 | bias:  -83 | dout:  63
Time: 230 | dout_relu:   65536 | bias:  -82 | dout:  63
Time: 235 | dout_relu:   65536 | bias:  -81 | dout:  63
Time: 240 | dout_relu:   65536 | bias:  -80 | dout:  63
Time: 245 | dout_relu:   65536 | bias:  -79 | dout:  63
Time: 250 | dout_relu:   65536 | bias:  -78 | dout:  63
Time: 255 | dout_relu:   65536 | bias:  -77 | dout:  63
Time: 260 | dout_relu:   65536 | bias:  -76 | dout:  63
Time: 265 | dout_relu:   65536 | bias:  -75 | dout:  63
Time: 270 | dout_relu:   65536 | bias:  -74 | dout:  63
Time: 275 | dout_relu:   65536 | bias:  -73 | dout:  63
Time: 280 | dout_relu:   65536 | bias:  -72 | dout:  63
Time: 285 | dout_relu:   65536 | bias:  -71 | dout:  63
Time: 290 | dout_relu:   65536 | bias:  -70 | dout:  63
Time: 295 | dout_relu:   65536 | bias:  -69 | dout:  63
Time: 300 | dout_relu:   65536 | bias:  -68 | dout:  63
Time: 305 | dout_relu:   65536 | bias:  -67 | dout:  63
Time: 310 | dout_relu:   65536 | bias:  -66 | dout:  63
Time: 315 | dout_relu:   65536 | bias:  -65 | dout:  63
Time: 320 | dout_relu:   65536 | bias:  -64 | dout:  63
Time: 325 | dout_relu:   65536 | bias:  -63 | dout:  63
Time: 330 | dout_relu:   65536 | bias:  -62 | dout:  63
Time: 335 | dout_relu:   65536 | bias:  -61 | dout:  63
Time: 340 | dout_relu:   65536 | bias:  -60 | dout:  63
Time: 345 | dout_relu:   65536 | bias:  -59 | dout:  63
Time: 350 | dout_relu:   65536 | bias:  -58 | dout:  63
Time: 355 | dout_relu:   65536 | bias:  -57 | dout:  63
Time: 360 | dout_relu:   65536 | bias:  -56 | dout:  63
Time: 365 | dout_relu:   65536 | bias:  -55 | dout:  63
Time: 370 | dout_relu:   65536 | bias:  -54 | dout:  63
Time: 375 | dout_relu:   65536 | bias:  -53 | dout:  63
Time: 380 | dout_relu:   65536 | bias:  -52 | dout:  63
Time: 385 | dout_relu:   65536 | bias:  -51 | dout:  63
Time: 390 | dout_relu:   65536 | bias:  -50 | dout:  63
Time: 395 | dout_relu:   65536 | bias:  -49 | dout:  63
Time: 400 | dout_relu:   65536 | bias:  -48 | dout:  63
Time: 405 | dout_relu:   65536 | bias:  -47 | dout:  63
Time: 410 | dout_relu:   65536 | bias:  -46 | dout:  63
Time: 415 | dout_relu:   65536 | bias:  -45 | dout:  63
Time: 420 | dout_relu:   65536 | bias:  -44 | dout:  63
Time: 425 | dout_relu:   65536 | bias:  -43 | dout:  63
Time: 430 | dout_relu:   65536 | bias:  -42 | dout:  63
Time: 435 | dout_relu:   65536 | bias:  -41 | dout:  63
Time: 440 | dout_relu:   65536 | bias:  -40 | dout:  63
Time: 445 | dout_relu:   65536 | bias:  -39 | dout:  63
Time: 450 | dout_relu:   65536 | bias:  -38 | dout:  63
Time: 455 | dout_relu:   65536 | bias:  -37 | dout:  63
Time: 460 | dout_relu:   65536 | bias:  -36 | dout:  63
Time: 465 | dout_relu:   65536 | bias:  -35 | dout:  63
Time: 470 | dout_relu:   65536 | bias:  -34 | dout:  63
Time: 475 | dout_relu:   65536 | bias:  -33 | dout:  63
Time: 480 | dout_relu:   65536 | bias:  -32 | dout:  63
Time: 485 | dout_relu:   65536 | bias:  -31 | dout:  63
Time: 490 | dout_relu:   65536 | bias:  -30 | dout:  63
Time: 495 | dout_relu:   65536 | bias:  -29 | dout:  63
Time: 500 | dout_relu:   65536 | bias:  -28 | dout:  63
Time: 505 | dout_relu:   65536 | bias:  -27 | dout:  63
Time: 510 | dout_relu:   65536 | bias:  -26 | dout:  63
Time: 515 | dout_relu:   65536 | bias:  -25 | dout:  63
Time: 520 | dout_relu:   65536 | bias:  -24 | dout:  63
Time: 525 | dout_relu:   65536 | bias:  -23 | dout:  63
Time: 530 | dout_relu:   65536 | bias:  -22 | dout:  63
Time: 535 | dout_relu:   65536 | bias:  -21 | dout:  63
Time: 540 | dout_relu:   65536 | bias:  -20 | dout:  63
Time: 545 | dout_relu:   65536 | bias:  -19 | dout:  63
Time: 550 | dout_relu:   65536 | bias:  -18 | dout:  63
Time: 555 | dout_relu:   65536 | bias:  -17 | dout:  63
Time: 560 | dout_relu:   65536 | bias:  -16 | dout:  63
Time: 565 | dout_relu:   65536 | bias:  -15 | dout:  63
Time: 570 | dout_relu:   65536 | bias:  -14 | dout:  63
Time: 575 | dout_relu:   65536 | bias:  -13 | dout:  63
Time: 580 | dout_relu:   65536 | bias:  -12 | dout:  63
Time: 585 | dout_relu:   65536 | bias:  -11 | dout:  63
Time: 590 | dout_relu:   65536 | bias:  -10 | dout:  63
Time: 595 | dout_relu:   65536 | bias:   -9 | dout:  63
Time: 600 | dout_relu:   65536 | bias:   -8 | dout:  63
Time: 605 | dout_relu:   65536 | bias:   -7 | dout:  63
Time: 610 | dout_relu:   65536 | bias:   -6 | dout:  63
Time: 615 | dout_relu:   65536 | bias:   -5 | dout:  63
Time: 620 | dout_relu:   65536 | bias:   -4 | dout:  63
Time: 625 | dout_relu:   65536 | bias:   -3 | dout:  63
Time: 630 | dout_relu:   65536 | bias:   -2 | dout:  63
Time: 635 | dout_relu:   65536 | bias:   -1 | dout:  63
Time: 640 | dout_relu:   65536 | bias:    0 | dout:  64
Time: 645 | dout_relu:   65536 | bias:    1 | dout:  64
Time: 650 | dout_relu:   65536 | bias:    2 | dout:  64
Time: 655 | dout_relu:   65536 | bias:    3 | dout:  64
Time: 660 | dout_relu:   65536 | bias:    4 | dout:  64
Time: 665 | dout_relu:   65536 | bias:    5 | dout:  64
Time: 670 | dout_relu:   65536 | bias:    6 | dout:  64
Time: 675 | dout_relu:   65536 | bias:    7 | dout:  64
Time: 680 | dout_relu:   65536 | bias:    8 | dout:  64
Time: 685 | dout_relu:   65536 | bias:    9 | dout:  64
Time: 690 | dout_relu:   65536 | bias:   10 | dout:  64
Time: 695 | dout_relu:   65536 | bias:   11 | dout:  64
Time: 700 | dout_relu:   65536 | bias:   12 | dout:  64
Time: 705 | dout_relu:   65536 | bias:   13 | dout:  64
Time: 710 | dout_relu:   65536 | bias:   14 | dout:  64
Time: 715 | dout_relu:   65536 | bias:   15 | dout:  64
Time: 720 | dout_relu:   65536 | bias:   16 | dout:  64
Time: 725 | dout_relu:   65536 | bias:   17 | dout:  64
Time: 730 | dout_relu:   65536 | bias:   18 | dout:  64
Time: 735 | dout_relu:   65536 | bias:   19 | dout:  64
Time: 740 | dout_relu:   65536 | bias:   20 | dout:  64
Time: 745 | dout_relu:   65536 | bias:   21 | dout:  64
Time: 750 | dout_relu:   65536 | bias:   22 | dout:  64
Time: 755 | dout_relu:   65536 | bias:   23 | dout:  64
Time: 760 | dout_relu:   65536 | bias:   24 | dout:  64
Time: 765 | dout_relu:   65536 | bias:   25 | dout:  64
Time: 770 | dout_relu:   65536 | bias:   26 | dout:  64
Time: 775 | dout_relu:   65536 | bias:   27 | dout:  64
Time: 780 | dout_relu:   65536 | bias:   28 | dout:  64
Time: 785 | dout_relu:   65536 | bias:   29 | dout:  64
Time: 790 | dout_relu:   65536 | bias:   30 | dout:  64
Time: 795 | dout_relu:   65536 | bias:   31 | dout:  64
Time: 800 | dout_relu:   65536 | bias:   32 | dout:  64
Time: 805 | dout_relu:   65536 | bias:   33 | dout:  64
Time: 810 | dout_relu:   65536 | bias:   34 | dout:  64
Time: 815 | dout_relu:   65536 | bias:   35 | dout:  64
Time: 820 | dout_relu:   65536 | bias:   36 | dout:  64
Time: 825 | dout_relu:   65536 | bias:   37 | dout:  64
Time: 830 | dout_relu:   65536 | bias:   38 | dout:  64
Time: 835 | dout_relu:   65536 | bias:   39 | dout:  64
Time: 840 | dout_relu:   65536 | bias:   40 | dout:  64
Time: 845 | dout_relu:   65536 | bias:   41 | dout:  64
Time: 850 | dout_relu:   65536 | bias:   42 | dout:  64
Time: 855 | dout_relu:   65536 | bias:   43 | dout:  64
Time: 860 | dout_relu:   65536 | bias:   44 | dout:  64
Time: 865 | dout_relu:   65536 | bias:   45 | dout:  64
Time: 870 | dout_relu:   65536 | bias:   46 | dout:  64
Time: 875 | dout_relu:   65536 | bias:   47 | dout:  64
Time: 880 | dout_relu:   65536 | bias:   48 | dout:  64
Time: 885 | dout_relu:   65536 | bias:   49 | dout:  64
Time: 890 | dout_relu:   65536 | bias:   50 | dout:  64
Time: 895 | dout_relu:   65536 | bias:   51 | dout:  64
Time: 900 | dout_relu:   65536 | bias:   52 | dout:  64
Time: 905 | dout_relu:   65536 | bias:   53 | dout:  64
Time: 910 | dout_relu:   65536 | bias:   54 | dout:  64
Time: 915 | dout_relu:   65536 | bias:   55 | dout:  64
Time: 920 | dout_relu:   65536 | bias:   56 | dout:  64
Time: 925 | dout_relu:   65536 | bias:   57 | dout:  64
Time: 930 | dout_relu:   65536 | bias:   58 | dout:  64
Time: 935 | dout_relu:   65536 | bias:   59 | dout:  64
Time: 940 | dout_relu:   65536 | bias:   60 | dout:  64
Time: 945 | dout_relu:   65536 | bias:   61 | dout:  64
Time: 950 | dout_relu:   65536 | bias:   62 | dout:  64
Time: 955 | dout_relu:   65536 | bias:   63 | dout:  64
Time: 960 | dout_relu:   65536 | bias:   64 | dout:  64
Time: 965 | dout_relu:   65536 | bias:   65 | dout:  64
Time: 970 | dout_relu:   65536 | bias:   66 | dout:  64
Time: 975 | dout_relu:   65536 | bias:   67 | dout:  64
Time: 980 | dout_relu:   65536 | bias:   68 | dout:  64
Time: 985 | dout_relu:   65536 | bias:   69 | dout:  64
Time: 990 | dout_relu:   65536 | bias:   70 | dout:  64
Time: 995 | dout_relu:   65536 | bias:   71 | dout:  64
Time: 1000 | dout_relu:   65536 | bias:   72 | dout:  64
Time: 1005 | dout_relu:   65536 | bias:   73 | dout:  64
Time: 1010 | dout_relu:   65536 | bias:   74 | dout:  64
Time: 1015 | dout_relu:   65536 | bias:   75 | dout:  64
Time: 1020 | dout_relu:   65536 | bias:   76 | dout:  64
Time: 1025 | dout_relu:   65536 | bias:   77 | dout:  64
Time: 1030 | dout_relu:   65536 | bias:   78 | dout:  64
Time: 1035 | dout_relu:   65536 | bias:   79 | dout:  64
Time: 1040 | dout_relu:   65536 | bias:   80 | dout:  64
Time: 1045 | dout_relu:   65536 | bias:   81 | dout:  64
Time: 1050 | dout_relu:   65536 | bias:   82 | dout:  64
Time: 1055 | dout_relu:   65536 | bias:   83 | dout:  64
Time: 1060 | dout_relu:   65536 | bias:   84 | dout:  64
Time: 1065 | dout_relu:   65536 | bias:   85 | dout:  64
Time: 1070 | dout_relu:   65536 | bias:   86 | dout:  64
Time: 1075 | dout_relu:   65536 | bias:   87 | dout:  64
Time: 1080 | dout_relu:   65536 | bias:   88 | dout:  64
Time: 1085 | dout_relu:   65536 | bias:   89 | dout:  64
Time: 1090 | dout_relu:   65536 | bias:   90 | dout:  64
Time: 1095 | dout_relu:   65536 | bias:   91 | dout:  64
Time: 1100 | dout_relu:   65536 | bias:   92 | dout:  64
Time: 1105 | dout_relu:   65536 | bias:   93 | dout:  64
Time: 1110 | dout_relu:   65536 | bias:   94 | dout:  64
Time: 1115 | dout_relu:   65536 | bias:   95 | dout:  64
Time: 1120 | dout_relu:   65536 | bias:   96 | dout:  64
Time: 1125 | dout_relu:   65536 | bias:   97 | dout:  64
Time: 1130 | dout_relu:   65536 | bias:   98 | dout:  64
Time: 1135 | dout_relu:   65536 | bias:   99 | dout:  64
Time: 1140 | dout_relu:   65536 | bias:  100 | dout:  64
Time: 1145 | dout_relu:   65536 | bias:  101 | dout:  64
Time: 1150 | dout_relu:   65536 | bias:  102 | dout:  64
Time: 1155 | dout_relu:   65536 | bias:  103 | dout:  64
Time: 1160 | dout_relu:   65536 | bias:  104 | dout:  64
Time: 1165 | dout_relu:   65536 | bias:  105 | dout:  64
Time: 1170 | dout_relu:   65536 | bias:  106 | dout:  64
Time: 1175 | dout_relu:   65536 | bias:  107 | dout:  64
Time: 1180 | dout_relu:   65536 | bias:  108 | dout:  64
Time: 1185 | dout_relu:   65536 | bias:  109 | dout:  64
Time: 1190 | dout_relu:   65536 | bias:  110 | dout:  64
Time: 1195 | dout_relu:   65536 | bias:  111 | dout:  64
Time: 1200 | dout_relu:   65536 | bias:  112 | dout:  64
Time: 1205 | dout_relu:   65536 | bias:  113 | dout:  64
Time: 1210 | dout_relu:   65536 | bias:  114 | dout:  64
Time: 1215 | dout_relu:   65536 | bias:  115 | dout:  64
Time: 1220 | dout_relu:   65536 | bias:  116 | dout:  64
Time: 1225 | dout_relu:   65536 | bias:  117 | dout:  64
Time: 1230 | dout_relu:   65536 | bias:  118 | dout:  64
Time: 1235 | dout_relu:   65536 | bias:  119 | dout:  64
Time: 1240 | dout_relu:   65536 | bias:  120 | dout:  64
Time: 1245 | dout_relu:   65536 | bias:  121 | dout:  64
Time: 1250 | dout_relu:   65536 | bias:  122 | dout:  64
Time: 1255 | dout_relu:   65536 | bias:  123 | dout:  64
Time: 1260 | dout_relu:   65536 | bias:  124 | dout:  64
Time: 1265 | dout_relu:   65536 | bias:  125 | dout:  64
Time: 1270 | dout_relu:   65536 | bias:  126 | dout:  64
Time: 1275 | dout_relu:   65536 | bias:  127 | dout:  64
Time: 1280 | dout_relu:  131071 | bias: -128 | dout: 127
Time: 1285 | dout_relu:  131071 | bias: -127 | dout: 127
Time: 1290 | dout_relu:  131071 | bias: -126 | dout: 127
Time: 1295 | dout_relu:  131071 | bias: -125 | dout: 127
Time: 1300 | dout_relu:  131071 | bias: -124 | dout: 127
Time: 1305 | dout_relu:  131071 | bias: -123 | dout: 127
Time: 1310 | dout_relu:  131071 | bias: -122 | dout: 127
Time: 1315 | dout_relu:  131071 | bias: -121 | dout: 127
Time: 1320 | dout_relu:  131071 | bias: -120 | dout: 127
Time: 1325 | dout_relu:  131071 | bias: -119 | dout: 127
Time: 1330 | dout_relu:  131071 | bias: -118 | dout: 127
Time: 1335 | dout_relu:  131071 | bias: -117 | dout: 127
Time: 1340 | dout_relu:  131071 | bias: -116 | dout: 127
Time: 1345 | dout_relu:  131071 | bias: -115 | dout: 127
Time: 1350 | dout_relu:  131071 | bias: -114 | dout: 127
Time: 1355 | dout_relu:  131071 | bias: -113 | dout: 127
Time: 1360 | dout_relu:  131071 | bias: -112 | dout: 127
Time: 1365 | dout_relu:  131071 | bias: -111 | dout: 127
Time: 1370 | dout_relu:  131071 | bias: -110 | dout: 127
Time: 1375 | dout_relu:  131071 | bias: -109 | dout: 127
Time: 1380 | dout_relu:  131071 | bias: -108 | dout: 127
Time: 1385 | dout_relu:  131071 | bias: -107 | dout: 127
Time: 1390 | dout_relu:  131071 | bias: -106 | dout: 127
Time: 1395 | dout_relu:  131071 | bias: -105 | dout: 127
Time: 1400 | dout_relu:  131071 | bias: -104 | dout: 127
Time: 1405 | dout_relu:  131071 | bias: -103 | dout: 127
Time: 1410 | dout_relu:  131071 | bias: -102 | dout: 127
Time: 1415 | dout_relu:  131071 | bias: -101 | dout: 127
Time: 1420 | dout_relu:  131071 | bias: -100 | dout: 127
Time: 1425 | dout_relu:  131071 | bias:  -99 | dout: 127
Time: 1430 | dout_relu:  131071 | bias:  -98 | dout: 127
Time: 1435 | dout_relu:  131071 | bias:  -97 | dout: 127
Time: 1440 | dout_relu:  131071 | bias:  -96 | dout: 127
Time: 1445 | dout_relu:  131071 | bias:  -95 | dout: 127
Time: 1450 | dout_relu:  131071 | bias:  -94 | dout: 127
Time: 1455 | dout_relu:  131071 | bias:  -93 | dout: 127
Time: 1460 | dout_relu:  131071 | bias:  -92 | dout: 127
Time: 1465 | dout_relu:  131071 | bias:  -91 | dout: 127
Time: 1470 | dout_relu:  131071 | bias:  -90 | dout: 127
Time: 1475 | dout_relu:  131071 | bias:  -89 | dout: 127
Time: 1480 | dout_relu:  131071 | bias:  -88 | dout: 127
Time: 1485 | dout_relu:  131071 | bias:  -87 | dout: 127
Time: 1490 | dout_relu:  131071 | bias:  -86 | dout: 127
Time: 1495 | dout_relu:  131071 | bias:  -85 | dout: 127
Time: 1500 | dout_relu:  131071 | bias:  -84 | dout: 127
Time: 1505 | dout_relu:  131071 | bias:  -83 | dout: 127
Time: 1510 | dout_relu:  131071 | bias:  -82 | dout: 127
Time: 1515 | dout_relu:  131071 | bias:  -81 | dout: 127
Time: 1520 | dout_relu:  131071 | bias:  -80 | dout: 127
Time: 1525 | dout_relu:  131071 | bias:  -79 | dout: 127
Time: 1530 | dout_relu:  131071 | bias:  -78 | dout: 127
Time: 1535 | dout_relu:  131071 | bias:  -77 | dout: 127
Time: 1540 | dout_relu:  131071 | bias:  -76 | dout: 127
Time: 1545 | dout_relu:  131071 | bias:  -75 | dout: 127
Time: 1550 | dout_relu:  131071 | bias:  -74 | dout: 127
Time: 1555 | dout_relu:  131071 | bias:  -73 | dout: 127
Time: 1560 | dout_relu:  131071 | bias:  -72 | dout: 127
Time: 1565 | dout_relu:  131071 | bias:  -71 | dout: 127
Time: 1570 | dout_relu:  131071 | bias:  -70 | dout: 127
Time: 1575 | dout_relu:  131071 | bias:  -69 | dout: 127
Time: 1580 | dout_relu:  131071 | bias:  -68 | dout: 127
Time: 1585 | dout_relu:  131071 | bias:  -67 | dout: 127
Time: 1590 | dout_relu:  131071 | bias:  -66 | dout: 127
Time: 1595 | dout_relu:  131071 | bias:  -65 | dout: 127
Time: 1600 | dout_relu:  131071 | bias:  -64 | dout: 127
Time: 1605 | dout_relu:  131071 | bias:  -63 | dout: 127
Time: 1610 | dout_relu:  131071 | bias:  -62 | dout: 127
Time: 1615 | dout_relu:  131071 | bias:  -61 | dout: 127
Time: 1620 | dout_relu:  131071 | bias:  -60 | dout: 127
Time: 1625 | dout_relu:  131071 | bias:  -59 | dout: 127
Time: 1630 | dout_relu:  131071 | bias:  -58 | dout: 127
Time: 1635 | dout_relu:  131071 | bias:  -57 | dout: 127
Time: 1640 | dout_relu:  131071 | bias:  -56 | dout: 127
Time: 1645 | dout_relu:  131071 | bias:  -55 | dout: 127
Time: 1650 | dout_relu:  131071 | bias:  -54 | dout: 127
Time: 1655 | dout_relu:  131071 | bias:  -53 | dout: 127
Time: 1660 | dout_relu:  131071 | bias:  -52 | dout: 127
Time: 1665 | dout_relu:  131071 | bias:  -51 | dout: 127
Time: 1670 | dout_relu:  131071 | bias:  -50 | dout: 127
Time: 1675 | dout_relu:  131071 | bias:  -49 | dout: 127
Time: 1680 | dout_relu:  131071 | bias:  -48 | dout: 127
Time: 1685 | dout_relu:  131071 | bias:  -47 | dout: 127
Time: 1690 | dout_relu:  131071 | bias:  -46 | dout: 127
Time: 1695 | dout_relu:  131071 | bias:  -45 | dout: 127
Time: 1700 | dout_relu:  131071 | bias:  -44 | dout: 127
Time: 1705 | dout_relu:  131071 | bias:  -43 | dout: 127
Time: 1710 | dout_relu:  131071 | bias:  -42 | dout: 127
Time: 1715 | dout_relu:  131071 | bias:  -41 | dout: 127
Time: 1720 | dout_relu:  131071 | bias:  -40 | dout: 127
Time: 1725 | dout_relu:  131071 | bias:  -39 | dout: 127
Time: 1730 | dout_relu:  131071 | bias:  -38 | dout: 127
Time: 1735 | dout_relu:  131071 | bias:  -37 | dout: 127
Time: 1740 | dout_relu:  131071 | bias:  -36 | dout: 127
Time: 1745 | dout_relu:  131071 | bias:  -35 | dout: 127
Time: 1750 | dout_relu:  131071 | bias:  -34 | dout: 127
Time: 1755 | dout_relu:  131071 | bias:  -33 | dout: 127
Time: 1760 | dout_relu:  131071 | bias:  -32 | dout: 127
Time: 1765 | dout_relu:  131071 | bias:  -31 | dout: 127
Time: 1770 | dout_relu:  131071 | bias:  -30 | dout: 127
Time: 1775 | dout_relu:  131071 | bias:  -29 | dout: 127
Time: 1780 | dout_relu:  131071 | bias:  -28 | dout: 127
Time: 1785 | dout_relu:  131071 | bias:  -27 | dout: 127
Time: 1790 | dout_relu:  131071 | bias:  -26 | dout: 127
Time: 1795 | dout_relu:  131071 | bias:  -25 | dout: 127
Time: 1800 | dout_relu:  131071 | bias:  -24 | dout: 127
Time: 1805 | dout_relu:  131071 | bias:  -23 | dout: 127
Time: 1810 | dout_relu:  131071 | bias:  -22 | dout: 127
Time: 1815 | dout_relu:  131071 | bias:  -21 | dout: 127
Time: 1820 | dout_relu:  131071 | bias:  -20 | dout: 127
Time: 1825 | dout_relu:  131071 | bias:  -19 | dout: 127
Time: 1830 | dout_relu:  131071 | bias:  -18 | dout: 127
Time: 1835 | dout_relu:  131071 | bias:  -17 | dout: 127
Time: 1840 | dout_relu:  131071 | bias:  -16 | dout: 127
Time: 1845 | dout_relu:  131071 | bias:  -15 | dout: 127
Time: 1850 | dout_relu:  131071 | bias:  -14 | dout: 127
Time: 1855 | dout_relu:  131071 | bias:  -13 | dout: 127
Time: 1860 | dout_relu:  131071 | bias:  -12 | dout: 127
Time: 1865 | dout_relu:  131071 | bias:  -11 | dout: 127
Time: 1870 | dout_relu:  131071 | bias:  -10 | dout: 127
Time: 1875 | dout_relu:  131071 | bias:   -9 | dout: 127
Time: 1880 | dout_relu:  131071 | bias:   -8 | dout: 127
Time: 1885 | dout_relu:  131071 | bias:   -7 | dout: 127
Time: 1890 | dout_relu:  131071 | bias:   -6 | dout: 127
Time: 1895 | dout_relu:  131071 | bias:   -5 | dout: 127
Time: 1900 | dout_relu:  131071 | bias:   -4 | dout: 127
Time: 1905 | dout_relu:  131071 | bias:   -3 | dout: 127
Time: 1910 | dout_relu:  131071 | bias:   -2 | dout: 127
Time: 1915 | dout_relu:  131071 | bias:   -1 | dout: 127
Time: 1920 | dout_relu:  131071 | bias:    0 | dout: 127
Time: 1925 | dout_relu:  131071 | bias:    1 | dout: 128
Time: 1930 | dout_relu:  131071 | bias:    2 | dout: 128
Time: 1935 | dout_relu:  131071 | bias:    3 | dout: 128
Time: 1940 | dout_relu:  131071 | bias:    4 | dout: 128
Time: 1945 | dout_relu:  131071 | bias:    5 | dout: 128
Time: 1950 | dout_relu:  131071 | bias:    6 | dout: 128
Time: 1955 | dout_relu:  131071 | bias:    7 | dout: 128
Time: 1960 | dout_relu:  131071 | bias:    8 | dout: 128
Time: 1965 | dout_relu:  131071 | bias:    9 | dout: 128
Time: 1970 | dout_relu:  131071 | bias:   10 | dout: 128
Time: 1975 | dout_relu:  131071 | bias:   11 | dout: 128
Time: 1980 | dout_relu:  131071 | bias:   12 | dout: 128
Time: 1985 | dout_relu:  131071 | bias:   13 | dout: 128
Time: 1990 | dout_relu:  131071 | bias:   14 | dout: 128
Time: 1995 | dout_relu:  131071 | bias:   15 | dout: 128
Time: 2000 | dout_relu:  131071 | bias:   16 | dout: 128
Time: 2005 | dout_relu:  131071 | bias:   17 | dout: 128
Time: 2010 | dout_relu:  131071 | bias:   18 | dout: 128
Time: 2015 | dout_relu:  131071 | bias:   19 | dout: 128
Time: 2020 | dout_relu:  131071 | bias:   20 | dout: 128
Time: 2025 | dout_relu:  131071 | bias:   21 | dout: 128
Time: 2030 | dout_relu:  131071 | bias:   22 | dout: 128
Time: 2035 | dout_relu:  131071 | bias:   23 | dout: 128
Time: 2040 | dout_relu:  131071 | bias:   24 | dout: 128
Time: 2045 | dout_relu:  131071 | bias:   25 | dout: 128
Time: 2050 | dout_relu:  131071 | bias:   26 | dout: 128
Time: 2055 | dout_relu:  131071 | bias:   27 | dout: 128
Time: 2060 | dout_relu:  131071 | bias:   28 | dout: 128
Time: 2065 | dout_relu:  131071 | bias:   29 | dout: 128
Time: 2070 | dout_relu:  131071 | bias:   30 | dout: 128
Time: 2075 | dout_relu:  131071 | bias:   31 | dout: 128
Time: 2080 | dout_relu:  131071 | bias:   32 | dout: 128
Time: 2085 | dout_relu:  131071 | bias:   33 | dout: 128
Time: 2090 | dout_relu:  131071 | bias:   34 | dout: 128
Time: 2095 | dout_relu:  131071 | bias:   35 | dout: 128
Time: 2100 | dout_relu:  131071 | bias:   36 | dout: 128
Time: 2105 | dout_relu:  131071 | bias:   37 | dout: 128
Time: 2110 | dout_relu:  131071 | bias:   38 | dout: 128
Time: 2115 | dout_relu:  131071 | bias:   39 | dout: 128
Time: 2120 | dout_relu:  131071 | bias:   40 | dout: 128
Time: 2125 | dout_relu:  131071 | bias:   41 | dout: 128
Time: 2130 | dout_relu:  131071 | bias:   42 | dout: 128
Time: 2135 | dout_relu:  131071 | bias:   43 | dout: 128
Time: 2140 | dout_relu:  131071 | bias:   44 | dout: 128
Time: 2145 | dout_relu:  131071 | bias:   45 | dout: 128
Time: 2150 | dout_relu:  131071 | bias:   46 | dout: 128
Time: 2155 | dout_relu:  131071 | bias:   47 | dout: 128
Time: 2160 | dout_relu:  131071 | bias:   48 | dout: 128
Time: 2165 | dout_relu:  131071 | bias:   49 | dout: 128
Time: 2170 | dout_relu:  131071 | bias:   50 | dout: 128
Time: 2175 | dout_relu:  131071 | bias:   51 | dout: 128
Time: 2180 | dout_relu:  131071 | bias:   52 | dout: 128
Time: 2185 | dout_relu:  131071 | bias:   53 | dout: 128
Time: 2190 | dout_relu:  131071 | bias:   54 | dout: 128
Time: 2195 | dout_relu:  131071 | bias:   55 | dout: 128
Time: 2200 | dout_relu:  131071 | bias:   56 | dout: 128
Time: 2205 | dout_relu:  131071 | bias:   57 | dout: 128
Time: 2210 | dout_relu:  131071 | bias:   58 | dout: 128
Time: 2215 | dout_relu:  131071 | bias:   59 | dout: 128
Time: 2220 | dout_relu:  131071 | bias:   60 | dout: 128
Time: 2225 | dout_relu:  131071 | bias:   61 | dout: 128
Time: 2230 | dout_relu:  131071 | bias:   62 | dout: 128
Time: 2235 | dout_relu:  131071 | bias:   63 | dout: 128
Time: 2240 | dout_relu:  131071 | bias:   64 | dout: 128
Time: 2245 | dout_relu:  131071 | bias:   65 | dout: 128
Time: 2250 | dout_relu:  131071 | bias:   66 | dout: 128
Time: 2255 | dout_relu:  131071 | bias:   67 | dout: 128
Time: 2260 | dout_relu:  131071 | bias:   68 | dout: 128
Time: 2265 | dout_relu:  131071 | bias:   69 | dout: 128
Time: 2270 | dout_relu:  131071 | bias:   70 | dout: 128
Time: 2275 | dout_relu:  131071 | bias:   71 | dout: 128
Time: 2280 | dout_relu:  131071 | bias:   72 | dout: 128
Time: 2285 | dout_relu:  131071 | bias:   73 | dout: 128
Time: 2290 | dout_relu:  131071 | bias:   74 | dout: 128
Time: 2295 | dout_relu:  131071 | bias:   75 | dout: 128
Time: 2300 | dout_relu:  131071 | bias:   76 | dout: 128
Time: 2305 | dout_relu:  131071 | bias:   77 | dout: 128
Time: 2310 | dout_relu:  131071 | bias:   78 | dout: 128
Time: 2315 | dout_relu:  131071 | bias:   79 | dout: 128
Time: 2320 | dout_relu:  131071 | bias:   80 | dout: 128
Time: 2325 | dout_relu:  131071 | bias:   81 | dout: 128
Time: 2330 | dout_relu:  131071 | bias:   82 | dout: 128
Time: 2335 | dout_relu:  131071 | bias:   83 | dout: 128
Time: 2340 | dout_relu:  131071 | bias:   84 | dout: 128
Time: 2345 | dout_relu:  131071 | bias:   85 | dout: 128
Time: 2350 | dout_relu:  131071 | bias:   86 | dout: 128
Time: 2355 | dout_relu:  131071 | bias:   87 | dout: 128
Time: 2360 | dout_relu:  131071 | bias:   88 | dout: 128
Time: 2365 | dout_relu:  131071 | bias:   89 | dout: 128
Time: 2370 | dout_relu:  131071 | bias:   90 | dout: 128
Time: 2375 | dout_relu:  131071 | bias:   91 | dout: 128
Time: 2380 | dout_relu:  131071 | bias:   92 | dout: 128
Time: 2385 | dout_relu:  131071 | bias:   93 | dout: 128
Time: 2390 | dout_relu:  131071 | bias:   94 | dout: 128
Time: 2395 | dout_relu:  131071 | bias:   95 | dout: 128
Time: 2400 | dout_relu:  131071 | bias:   96 | dout: 128
Time: 2405 | dout_relu:  131071 | bias:   97 | dout: 128
Time: 2410 | dout_relu:  131071 | bias:   98 | dout: 128
Time: 2415 | dout_relu:  131071 | bias:   99 | dout: 128
Time: 2420 | dout_relu:  131071 | bias:  100 | dout: 128
Time: 2425 | dout_relu:  131071 | bias:  101 | dout: 128
Time: 2430 | dout_relu:  131071 | bias:  102 | dout: 128
Time: 2435 | dout_relu:  131071 | bias:  103 | dout: 128
Time: 2440 | dout_relu:  131071 | bias:  104 | dout: 128
Time: 2445 | dout_relu:  131071 | bias:  105 | dout: 128
Time: 2450 | dout_relu:  131071 | bias:  106 | dout: 128
Time: 2455 | dout_relu:  131071 | bias:  107 | dout: 128
Time: 2460 | dout_relu:  131071 | bias:  108 | dout: 128
Time: 2465 | dout_relu:  131071 | bias:  109 | dout: 128
Time: 2470 | dout_relu:  131071 | bias:  110 | dout: 128
Time: 2475 | dout_relu:  131071 | bias:  111 | dout: 128
Time: 2480 | dout_relu:  131071 | bias:  112 | dout: 128
Time: 2485 | dout_relu:  131071 | bias:  113 | dout: 128
Time: 2490 | dout_relu:  131071 | bias:  114 | dout: 128
Time: 2495 | dout_relu:  131071 | bias:  115 | dout: 128
Time: 2500 | dout_relu:  131071 | bias:  116 | dout: 128
Time: 2505 | dout_relu:  131071 | bias:  117 | dout: 128
Time: 2510 | dout_relu:  131071 | bias:  118 | dout: 128
Time: 2515 | dout_relu:  131071 | bias:  119 | dout: 128
Time: 2520 | dout_relu:  131071 | bias:  120 | dout: 128
Time: 2525 | dout_relu:  131071 | bias:  121 | dout: 128
Time: 2530 | dout_relu:  131071 | bias:  122 | dout: 128
Time: 2535 | dout_relu:  131071 | bias:  123 | dout: 128
Time: 2540 | dout_relu:  131071 | bias:  124 | dout: 128
Time: 2545 | dout_relu:  131071 | bias:  125 | dout: 128
Time: 2550 | dout_relu:  131071 | bias:  126 | dout: 128
Time: 2555 | dout_relu:  131071 | bias:  127 | dout: 128
Time: 2560 | dout_relu:       0 | bias: -128 | dout: 255
Time: 2565 | dout_relu:       0 | bias: -127 | dout: 255
Time: 2570 | dout_relu:       0 | bias: -126 | dout: 255
Time: 2575 | dout_relu:       0 | bias: -125 | dout: 255
Time: 2580 | dout_relu:       0 | bias: -124 | dout: 255
Time: 2585 | dout_relu:       0 | bias: -123 | dout: 255
Time: 2590 | dout_relu:       0 | bias: -122 | dout: 255
Time: 2595 | dout_relu:       0 | bias: -121 | dout: 255
Time: 2600 | dout_relu:       0 | bias: -120 | dout: 255
Time: 2605 | dout_relu:       0 | bias: -119 | dout: 255
Time: 2610 | dout_relu:       0 | bias: -118 | dout: 255
Time: 2615 | dout_relu:       0 | bias: -117 | dout: 255
Time: 2620 | dout_relu:       0 | bias: -116 | dout: 255
Time: 2625 | dout_relu:       0 | bias: -115 | dout: 255
Time: 2630 | dout_relu:       0 | bias: -114 | dout: 255
Time: 2635 | dout_relu:       0 | bias: -113 | dout: 255
Time: 2640 | dout_relu:       0 | bias: -112 | dout: 255
Time: 2645 | dout_relu:       0 | bias: -111 | dout: 255
Time: 2650 | dout_relu:       0 | bias: -110 | dout: 255
Time: 2655 | dout_relu:       0 | bias: -109 | dout: 255
Time: 2660 | dout_relu:       0 | bias: -108 | dout: 255
Time: 2665 | dout_relu:       0 | bias: -107 | dout: 255
Time: 2670 | dout_relu:       0 | bias: -106 | dout: 255
Time: 2675 | dout_relu:       0 | bias: -105 | dout: 255
Time: 2680 | dout_relu:       0 | bias: -104 | dout: 255
Time: 2685 | dout_relu:       0 | bias: -103 | dout: 255
Time: 2690 | dout_relu:       0 | bias: -102 | dout: 255
Time: 2695 | dout_relu:       0 | bias: -101 | dout: 255
Time: 2700 | dout_relu:       0 | bias: -100 | dout: 255
Time: 2705 | dout_relu:       0 | bias:  -99 | dout: 255
Time: 2710 | dout_relu:       0 | bias:  -98 | dout: 255
Time: 2715 | dout_relu:       0 | bias:  -97 | dout: 255
Time: 2720 | dout_relu:       0 | bias:  -96 | dout: 255
Time: 2725 | dout_relu:       0 | bias:  -95 | dout: 255
Time: 2730 | dout_relu:       0 | bias:  -94 | dout: 255
Time: 2735 | dout_relu:       0 | bias:  -93 | dout: 255
Time: 2740 | dout_relu:       0 | bias:  -92 | dout: 255
Time: 2745 | dout_relu:       0 | bias:  -91 | dout: 255
Time: 2750 | dout_relu:       0 | bias:  -90 | dout: 255
Time: 2755 | dout_relu:       0 | bias:  -89 | dout: 255
Time: 2760 | dout_relu:       0 | bias:  -88 | dout: 255
Time: 2765 | dout_relu:       0 | bias:  -87 | dout: 255
Time: 2770 | dout_relu:       0 | bias:  -86 | dout: 255
Time: 2775 | dout_relu:       0 | bias:  -85 | dout: 255
Time: 2780 | dout_relu:       0 | bias:  -84 | dout: 255
Time: 2785 | dout_relu:       0 | bias:  -83 | dout: 255
Time: 2790 | dout_relu:       0 | bias:  -82 | dout: 255
Time: 2795 | dout_relu:       0 | bias:  -81 | dout: 255
Time: 2800 | dout_relu:       0 | bias:  -80 | dout: 255
Time: 2805 | dout_relu:       0 | bias:  -79 | dout: 255
Time: 2810 | dout_relu:       0 | bias:  -78 | dout: 255
Time: 2815 | dout_relu:       0 | bias:  -77 | dout: 255
Time: 2820 | dout_relu:       0 | bias:  -76 | dout: 255
Time: 2825 | dout_relu:       0 | bias:  -75 | dout: 255
Time: 2830 | dout_relu:       0 | bias:  -74 | dout: 255
Time: 2835 | dout_relu:       0 | bias:  -73 | dout: 255
Time: 2840 | dout_relu:       0 | bias:  -72 | dout: 255
Time: 2845 | dout_relu:       0 | bias:  -71 | dout: 255
Time: 2850 | dout_relu:       0 | bias:  -70 | dout: 255
Time: 2855 | dout_relu:       0 | bias:  -69 | dout: 255
Time: 2860 | dout_relu:       0 | bias:  -68 | dout: 255
Time: 2865 | dout_relu:       0 | bias:  -67 | dout: 255
Time: 2870 | dout_relu:       0 | bias:  -66 | dout: 255
Time: 2875 | dout_relu:       0 | bias:  -65 | dout: 255
Time: 2880 | dout_relu:       0 | bias:  -64 | dout: 255
Time: 2885 | dout_relu:       0 | bias:  -63 | dout: 255
Time: 2890 | dout_relu:       0 | bias:  -62 | dout: 255
Time: 2895 | dout_relu:       0 | bias:  -61 | dout: 255
Time: 2900 | dout_relu:       0 | bias:  -60 | dout: 255
Time: 2905 | dout_relu:       0 | bias:  -59 | dout: 255
Time: 2910 | dout_relu:       0 | bias:  -58 | dout: 255
Time: 2915 | dout_relu:       0 | bias:  -57 | dout: 255
Time: 2920 | dout_relu:       0 | bias:  -56 | dout: 255
Time: 2925 | dout_relu:       0 | bias:  -55 | dout: 255
Time: 2930 | dout_relu:       0 | bias:  -54 | dout: 255
Time: 2935 | dout_relu:       0 | bias:  -53 | dout: 255
Time: 2940 | dout_relu:       0 | bias:  -52 | dout: 255
Time: 2945 | dout_relu:       0 | bias:  -51 | dout: 255
Time: 2950 | dout_relu:       0 | bias:  -50 | dout: 255
Time: 2955 | dout_relu:       0 | bias:  -49 | dout: 255
Time: 2960 | dout_relu:       0 | bias:  -48 | dout: 255
Time: 2965 | dout_relu:       0 | bias:  -47 | dout: 255
Time: 2970 | dout_relu:       0 | bias:  -46 | dout: 255
Time: 2975 | dout_relu:       0 | bias:  -45 | dout: 255
Time: 2980 | dout_relu:       0 | bias:  -44 | dout: 255
Time: 2985 | dout_relu:       0 | bias:  -43 | dout: 255
Time: 2990 | dout_relu:       0 | bias:  -42 | dout: 255
Time: 2995 | dout_relu:       0 | bias:  -41 | dout: 255
Time: 3000 | dout_relu:       0 | bias:  -40 | dout: 255
Time: 3005 | dout_relu:       0 | bias:  -39 | dout: 255
Time: 3010 | dout_relu:       0 | bias:  -38 | dout: 255
Time: 3015 | dout_relu:       0 | bias:  -37 | dout: 255
Time: 3020 | dout_relu:       0 | bias:  -36 | dout: 255
Time: 3025 | dout_relu:       0 | bias:  -35 | dout: 255
Time: 3030 | dout_relu:       0 | bias:  -34 | dout: 255
Time: 3035 | dout_relu:       0 | bias:  -33 | dout: 255
Time: 3040 | dout_relu:       0 | bias:  -32 | dout: 255
Time: 3045 | dout_relu:       0 | bias:  -31 | dout: 255
Time: 3050 | dout_relu:       0 | bias:  -30 | dout: 255
Time: 3055 | dout_relu:       0 | bias:  -29 | dout: 255
Time: 3060 | dout_relu:       0 | bias:  -28 | dout: 255
Time: 3065 | dout_relu:       0 | bias:  -27 | dout: 255
Time: 3070 | dout_relu:       0 | bias:  -26 | dout: 255
Time: 3075 | dout_relu:       0 | bias:  -25 | dout: 255
Time: 3080 | dout_relu:       0 | bias:  -24 | dout: 255
Time: 3085 | dout_relu:       0 | bias:  -23 | dout: 255
Time: 3090 | dout_relu:       0 | bias:  -22 | dout: 255
Time: 3095 | dout_relu:       0 | bias:  -21 | dout: 255
Time: 3100 | dout_relu:       0 | bias:  -20 | dout: 255
Time: 3105 | dout_relu:       0 | bias:  -19 | dout: 255
Time: 3110 | dout_relu:       0 | bias:  -18 | dout: 255
Time: 3115 | dout_relu:       0 | bias:  -17 | dout: 255
Time: 3120 | dout_relu:       0 | bias:  -16 | dout: 255
Time: 3125 | dout_relu:       0 | bias:  -15 | dout: 255
Time: 3130 | dout_relu:       0 | bias:  -14 | dout: 255
Time: 3135 | dout_relu:       0 | bias:  -13 | dout: 255
Time: 3140 | dout_relu:       0 | bias:  -12 | dout: 255
Time: 3145 | dout_relu:       0 | bias:  -11 | dout: 255
Time: 3150 | dout_relu:       0 | bias:  -10 | dout: 255
Time: 3155 | dout_relu:       0 | bias:   -9 | dout: 255
Time: 3160 | dout_relu:       0 | bias:   -8 | dout: 255
Time: 3165 | dout_relu:       0 | bias:   -7 | dout: 255
Time: 3170 | dout_relu:       0 | bias:   -6 | dout: 255
Time: 3175 | dout_relu:       0 | bias:   -5 | dout: 255
Time: 3180 | dout_relu:       0 | bias:   -4 | dout: 255
Time: 3185 | dout_relu:       0 | bias:   -3 | dout: 255
Time: 3190 | dout_relu:       0 | bias:   -2 | dout: 255
Time: 3195 | dout_relu:       0 | bias:   -1 | dout: 255
Time: 3200 | dout_relu:       0 | bias:    0 | dout:   0
Time: 3205 | dout_relu:       0 | bias:    1 | dout:   0
Time: 3210 | dout_relu:       0 | bias:    2 | dout:   0
Time: 3215 | dout_relu:       0 | bias:    3 | dout:   0
Time: 3220 | dout_relu:       0 | bias:    4 | dout:   0
Time: 3225 | dout_relu:       0 | bias:    5 | dout:   0
Time: 3230 | dout_relu:       0 | bias:    6 | dout:   0
Time: 3235 | dout_relu:       0 | bias:    7 | dout:   0
Time: 3240 | dout_relu:       0 | bias:    8 | dout:   0
Time: 3245 | dout_relu:       0 | bias:    9 | dout:   0
Time: 3250 | dout_relu:       0 | bias:   10 | dout:   0
Time: 3255 | dout_relu:       0 | bias:   11 | dout:   0
Time: 3260 | dout_relu:       0 | bias:   12 | dout:   0
Time: 3265 | dout_relu:       0 | bias:   13 | dout:   0
Time: 3270 | dout_relu:       0 | bias:   14 | dout:   0
Time: 3275 | dout_relu:       0 | bias:   15 | dout:   0
Time: 3280 | dout_relu:       0 | bias:   16 | dout:   0
Time: 3285 | dout_relu:       0 | bias:   17 | dout:   0
Time: 3290 | dout_relu:       0 | bias:   18 | dout:   0
Time: 3295 | dout_relu:       0 | bias:   19 | dout:   0
Time: 3300 | dout_relu:       0 | bias:   20 | dout:   0
Time: 3305 | dout_relu:       0 | bias:   21 | dout:   0
Time: 3310 | dout_relu:       0 | bias:   22 | dout:   0
Time: 3315 | dout_relu:       0 | bias:   23 | dout:   0
Time: 3320 | dout_relu:       0 | bias:   24 | dout:   0
Time: 3325 | dout_relu:       0 | bias:   25 | dout:   0
Time: 3330 | dout_relu:       0 | bias:   26 | dout:   0
Time: 3335 | dout_relu:       0 | bias:   27 | dout:   0
Time: 3340 | dout_relu:       0 | bias:   28 | dout:   0
Time: 3345 | dout_relu:       0 | bias:   29 | dout:   0
Time: 3350 | dout_relu:       0 | bias:   30 | dout:   0
Time: 3355 | dout_relu:       0 | bias:   31 | dout:   0
Time: 3360 | dout_relu:       0 | bias:   32 | dout:   0
Time: 3365 | dout_relu:       0 | bias:   33 | dout:   0
Time: 3370 | dout_relu:       0 | bias:   34 | dout:   0
Time: 3375 | dout_relu:       0 | bias:   35 | dout:   0
Time: 3380 | dout_relu:       0 | bias:   36 | dout:   0
Time: 3385 | dout_relu:       0 | bias:   37 | dout:   0
Time: 3390 | dout_relu:       0 | bias:   38 | dout:   0
Time: 3395 | dout_relu:       0 | bias:   39 | dout:   0
Time: 3400 | dout_relu:       0 | bias:   40 | dout:   0
Time: 3405 | dout_relu:       0 | bias:   41 | dout:   0
Time: 3410 | dout_relu:       0 | bias:   42 | dout:   0
Time: 3415 | dout_relu:       0 | bias:   43 | dout:   0
Time: 3420 | dout_relu:       0 | bias:   44 | dout:   0
Time: 3425 | dout_relu:       0 | bias:   45 | dout:   0
Time: 3430 | dout_relu:       0 | bias:   46 | dout:   0
Time: 3435 | dout_relu:       0 | bias:   47 | dout:   0
Time: 3440 | dout_relu:       0 | bias:   48 | dout:   0
Time: 3445 | dout_relu:       0 | bias:   49 | dout:   0
Time: 3450 | dout_relu:       0 | bias:   50 | dout:   0
Time: 3455 | dout_relu:       0 | bias:   51 | dout:   0
Time: 3460 | dout_relu:       0 | bias:   52 | dout:   0
Time: 3465 | dout_relu:       0 | bias:   53 | dout:   0
Time: 3470 | dout_relu:       0 | bias:   54 | dout:   0
Time: 3475 | dout_relu:       0 | bias:   55 | dout:   0
Time: 3480 | dout_relu:       0 | bias:   56 | dout:   0
Time: 3485 | dout_relu:       0 | bias:   57 | dout:   0
Time: 3490 | dout_relu:       0 | bias:   58 | dout:   0
Time: 3495 | dout_relu:       0 | bias:   59 | dout:   0
Time: 3500 | dout_relu:       0 | bias:   60 | dout:   0
Time: 3505 | dout_relu:       0 | bias:   61 | dout:   0
Time: 3510 | dout_relu:       0 | bias:   62 | dout:   0
Time: 3515 | dout_relu:       0 | bias:   63 | dout:   0
Time: 3520 | dout_relu:       0 | bias:   64 | dout:   0
Time: 3525 | dout_relu:       0 | bias:   65 | dout:   0
Time: 3530 | dout_relu:       0 | bias:   66 | dout:   0
Time: 3535 | dout_relu:       0 | bias:   67 | dout:   0
Time: 3540 | dout_relu:       0 | bias:   68 | dout:   0
Time: 3545 | dout_relu:       0 | bias:   69 | dout:   0
Time: 3550 | dout_relu:       0 | bias:   70 | dout:   0
Time: 3555 | dout_relu:       0 | bias:   71 | dout:   0
Time: 3560 | dout_relu:       0 | bias:   72 | dout:   0
Time: 3565 | dout_relu:       0 | bias:   73 | dout:   0
Time: 3570 | dout_relu:       0 | bias:   74 | dout:   0
Time: 3575 | dout_relu:       0 | bias:   75 | dout:   0
Time: 3580 | dout_relu:       0 | bias:   76 | dout:   0
Time: 3585 | dout_relu:       0 | bias:   77 | dout:   0
Time: 3590 | dout_relu:       0 | bias:   78 | dout:   0
Time: 3595 | dout_relu:       0 | bias:   79 | dout:   0
Time: 3600 | dout_relu:       0 | bias:   80 | dout:   0
Time: 3605 | dout_relu:       0 | bias:   81 | dout:   0
Time: 3610 | dout_relu:       0 | bias:   82 | dout:   0
Time: 3615 | dout_relu:       0 | bias:   83 | dout:   0
Time: 3620 | dout_relu:       0 | bias:   84 | dout:   0
Time: 3625 | dout_relu:       0 | bias:   85 | dout:   0
Time: 3630 | dout_relu:       0 | bias:   86 | dout:   0
Time: 3635 | dout_relu:       0 | bias:   87 | dout:   0
Time: 3640 | dout_relu:       0 | bias:   88 | dout:   0
Time: 3645 | dout_relu:       0 | bias:   89 | dout:   0
Time: 3650 | dout_relu:       0 | bias:   90 | dout:   0
Time: 3655 | dout_relu:       0 | bias:   91 | dout:   0
Time: 3660 | dout_relu:       0 | bias:   92 | dout:   0
Time: 3665 | dout_relu:       0 | bias:   93 | dout:   0
Time: 3670 | dout_relu:       0 | bias:   94 | dout:   0
Time: 3675 | dout_relu:       0 | bias:   95 | dout:   0
Time: 3680 | dout_relu:       0 | bias:   96 | dout:   0
Time: 3685 | dout_relu:       0 | bias:   97 | dout:   0
Time: 3690 | dout_relu:       0 | bias:   98 | dout:   0
Time: 3695 | dout_relu:       0 | bias:   99 | dout:   0
Time: 3700 | dout_relu:       0 | bias:  100 | dout:   0
Time: 3705 | dout_relu:       0 | bias:  101 | dout:   0
Time: 3710 | dout_relu:       0 | bias:  102 | dout:   0
Time: 3715 | dout_relu:       0 | bias:  103 | dout:   0
Time: 3720 | dout_relu:       0 | bias:  104 | dout:   0
Time: 3725 | dout_relu:       0 | bias:  105 | dout:   0
Time: 3730 | dout_relu:       0 | bias:  106 | dout:   0
Time: 3735 | dout_relu:       0 | bias:  107 | dout:   0
Time: 3740 | dout_relu:       0 | bias:  108 | dout:   0
Time: 3745 | dout_relu:       0 | bias:  109 | dout:   0
Time: 3750 | dout_relu:       0 | bias:  110 | dout:   0
Time: 3755 | dout_relu:       0 | bias:  111 | dout:   0
Time: 3760 | dout_relu:       0 | bias:  112 | dout:   0
Time: 3765 | dout_relu:       0 | bias:  113 | dout:   0
Time: 3770 | dout_relu:       0 | bias:  114 | dout:   0
Time: 3775 | dout_relu:       0 | bias:  115 | dout:   0
Time: 3780 | dout_relu:       0 | bias:  116 | dout:   0
Time: 3785 | dout_relu:       0 | bias:  117 | dout:   0
Time: 3790 | dout_relu:       0 | bias:  118 | dout:   0
Time: 3795 | dout_relu:       0 | bias:  119 | dout:   0
Time: 3800 | dout_relu:       0 | bias:  120 | dout:   0
Time: 3805 | dout_relu:       0 | bias:  121 | dout:   0
Time: 3810 | dout_relu:       0 | bias:  122 | dout:   0
Time: 3815 | dout_relu:       0 | bias:  123 | dout:   0
Time: 3820 | dout_relu:       0 | bias:  124 | dout:   0
Time: 3825 | dout_relu:       0 | bias:  125 | dout:   0
Time: 3830 | dout_relu:       0 | bias:  126 | dout:   0
Time: 3835 | dout_relu:       0 | bias:  127 | dout:   0
Time: 3840 | dout_relu:       1 | bias: -128 | dout: 255
Time: 3845 | dout_relu:       1 | bias: -127 | dout: 255
Time: 3850 | dout_relu:       1 | bias: -126 | dout: 255
Time: 3855 | dout_relu:       1 | bias: -125 | dout: 255
Time: 3860 | dout_relu:       1 | bias: -124 | dout: 255
Time: 3865 | dout_relu:       1 | bias: -123 | dout: 255
Time: 3870 | dout_relu:       1 | bias: -122 | dout: 255
Time: 3875 | dout_relu:       1 | bias: -121 | dout: 255
Time: 3880 | dout_relu:       1 | bias: -120 | dout: 255
Time: 3885 | dout_relu:       1 | bias: -119 | dout: 255
Time: 3890 | dout_relu:       1 | bias: -118 | dout: 255
Time: 3895 | dout_relu:       1 | bias: -117 | dout: 255
Time: 3900 | dout_relu:       1 | bias: -116 | dout: 255
Time: 3905 | dout_relu:       1 | bias: -115 | dout: 255
Time: 3910 | dout_relu:       1 | bias: -114 | dout: 255
Time: 3915 | dout_relu:       1 | bias: -113 | dout: 255
Time: 3920 | dout_relu:       1 | bias: -112 | dout: 255
Time: 3925 | dout_relu:       1 | bias: -111 | dout: 255
Time: 3930 | dout_relu:       1 | bias: -110 | dout: 255
Time: 3935 | dout_relu:       1 | bias: -109 | dout: 255
Time: 3940 | dout_relu:       1 | bias: -108 | dout: 255
Time: 3945 | dout_relu:       1 | bias: -107 | dout: 255
Time: 3950 | dout_relu:       1 | bias: -106 | dout: 255
Time: 3955 | dout_relu:       1 | bias: -105 | dout: 255
Time: 3960 | dout_relu:       1 | bias: -104 | dout: 255
Time: 3965 | dout_relu:       1 | bias: -103 | dout: 255
Time: 3970 | dout_relu:       1 | bias: -102 | dout: 255
Time: 3975 | dout_relu:       1 | bias: -101 | dout: 255
Time: 3980 | dout_relu:       1 | bias: -100 | dout: 255
Time: 3985 | dout_relu:       1 | bias:  -99 | dout: 255
Time: 3990 | dout_relu:       1 | bias:  -98 | dout: 255
Time: 3995 | dout_relu:       1 | bias:  -97 | dout: 255
Time: 4000 | dout_relu:       1 | bias:  -96 | dout: 255
Time: 4005 | dout_relu:       1 | bias:  -95 | dout: 255
Time: 4010 | dout_relu:       1 | bias:  -94 | dout: 255
Time: 4015 | dout_relu:       1 | bias:  -93 | dout: 255
Time: 4020 | dout_relu:       1 | bias:  -92 | dout: 255
Time: 4025 | dout_relu:       1 | bias:  -91 | dout: 255
Time: 4030 | dout_relu:       1 | bias:  -90 | dout: 255
Time: 4035 | dout_relu:       1 | bias:  -89 | dout: 255
Time: 4040 | dout_relu:       1 | bias:  -88 | dout: 255
Time: 4045 | dout_relu:       1 | bias:  -87 | dout: 255
Time: 4050 | dout_relu:       1 | bias:  -86 | dout: 255
Time: 4055 | dout_relu:       1 | bias:  -85 | dout: 255
Time: 4060 | dout_relu:       1 | bias:  -84 | dout: 255
Time: 4065 | dout_relu:       1 | bias:  -83 | dout: 255
Time: 4070 | dout_relu:       1 | bias:  -82 | dout: 255
Time: 4075 | dout_relu:       1 | bias:  -81 | dout: 255
Time: 4080 | dout_relu:       1 | bias:  -80 | dout: 255
Time: 4085 | dout_relu:       1 | bias:  -79 | dout: 255
Time: 4090 | dout_relu:       1 | bias:  -78 | dout: 255
Time: 4095 | dout_relu:       1 | bias:  -77 | dout: 255
Time: 4100 | dout_relu:       1 | bias:  -76 | dout: 255
Time: 4105 | dout_relu:       1 | bias:  -75 | dout: 255
Time: 4110 | dout_relu:       1 | bias:  -74 | dout: 255
Time: 4115 | dout_relu:       1 | bias:  -73 | dout: 255
Time: 4120 | dout_relu:       1 | bias:  -72 | dout: 255
Time: 4125 | dout_relu:       1 | bias:  -71 | dout: 255
Time: 4130 | dout_relu:       1 | bias:  -70 | dout: 255
Time: 4135 | dout_relu:       1 | bias:  -69 | dout: 255
Time: 4140 | dout_relu:       1 | bias:  -68 | dout: 255
Time: 4145 | dout_relu:       1 | bias:  -67 | dout: 255
Time: 4150 | dout_relu:       1 | bias:  -66 | dout: 255
Time: 4155 | dout_relu:       1 | bias:  -65 | dout: 255
Time: 4160 | dout_relu:       1 | bias:  -64 | dout: 255
Time: 4165 | dout_relu:       1 | bias:  -63 | dout: 255
Time: 4170 | dout_relu:       1 | bias:  -62 | dout: 255
Time: 4175 | dout_relu:       1 | bias:  -61 | dout: 255
Time: 4180 | dout_relu:       1 | bias:  -60 | dout: 255
Time: 4185 | dout_relu:       1 | bias:  -59 | dout: 255
Time: 4190 | dout_relu:       1 | bias:  -58 | dout: 255
Time: 4195 | dout_relu:       1 | bias:  -57 | dout: 255
Time: 4200 | dout_relu:       1 | bias:  -56 | dout: 255
Time: 4205 | dout_relu:       1 | bias:  -55 | dout: 255
Time: 4210 | dout_relu:       1 | bias:  -54 | dout: 255
Time: 4215 | dout_relu:       1 | bias:  -53 | dout: 255
Time: 4220 | dout_relu:       1 | bias:  -52 | dout: 255
Time: 4225 | dout_relu:       1 | bias:  -51 | dout: 255
Time: 4230 | dout_relu:       1 | bias:  -50 | dout: 255
Time: 4235 | dout_relu:       1 | bias:  -49 | dout: 255
Time: 4240 | dout_relu:       1 | bias:  -48 | dout: 255
Time: 4245 | dout_relu:       1 | bias:  -47 | dout: 255
Time: 4250 | dout_relu:       1 | bias:  -46 | dout: 255
Time: 4255 | dout_relu:       1 | bias:  -45 | dout: 255
Time: 4260 | dout_relu:       1 | bias:  -44 | dout: 255
Time: 4265 | dout_relu:       1 | bias:  -43 | dout: 255
Time: 4270 | dout_relu:       1 | bias:  -42 | dout: 255
Time: 4275 | dout_relu:       1 | bias:  -41 | dout: 255
Time: 4280 | dout_relu:       1 | bias:  -40 | dout: 255
Time: 4285 | dout_relu:       1 | bias:  -39 | dout: 255
Time: 4290 | dout_relu:       1 | bias:  -38 | dout: 255
Time: 4295 | dout_relu:       1 | bias:  -37 | dout: 255
Time: 4300 | dout_relu:       1 | bias:  -36 | dout: 255
Time: 4305 | dout_relu:       1 | bias:  -35 | dout: 255
Time: 4310 | dout_relu:       1 | bias:  -34 | dout: 255
Time: 4315 | dout_relu:       1 | bias:  -33 | dout: 255
Time: 4320 | dout_relu:       1 | bias:  -32 | dout: 255
Time: 4325 | dout_relu:       1 | bias:  -31 | dout: 255
Time: 4330 | dout_relu:       1 | bias:  -30 | dout: 255
Time: 4335 | dout_relu:       1 | bias:  -29 | dout: 255
Time: 4340 | dout_relu:       1 | bias:  -28 | dout: 255
Time: 4345 | dout_relu:       1 | bias:  -27 | dout: 255
Time: 4350 | dout_relu:       1 | bias:  -26 | dout: 255
Time: 4355 | dout_relu:       1 | bias:  -25 | dout: 255
Time: 4360 | dout_relu:       1 | bias:  -24 | dout: 255
Time: 4365 | dout_relu:       1 | bias:  -23 | dout: 255
Time: 4370 | dout_relu:       1 | bias:  -22 | dout: 255
Time: 4375 | dout_relu:       1 | bias:  -21 | dout: 255
Time: 4380 | dout_relu:       1 | bias:  -20 | dout: 255
Time: 4385 | dout_relu:       1 | bias:  -19 | dout: 255
Time: 4390 | dout_relu:       1 | bias:  -18 | dout: 255
Time: 4395 | dout_relu:       1 | bias:  -17 | dout: 255
Time: 4400 | dout_relu:       1 | bias:  -16 | dout: 255
Time: 4405 | dout_relu:       1 | bias:  -15 | dout: 255
Time: 4410 | dout_relu:       1 | bias:  -14 | dout: 255
Time: 4415 | dout_relu:       1 | bias:  -13 | dout: 255
Time: 4420 | dout_relu:       1 | bias:  -12 | dout: 255
Time: 4425 | dout_relu:       1 | bias:  -11 | dout: 255
Time: 4430 | dout_relu:       1 | bias:  -10 | dout: 255
Time: 4435 | dout_relu:       1 | bias:   -9 | dout: 255
Time: 4440 | dout_relu:       1 | bias:   -8 | dout: 255
Time: 4445 | dout_relu:       1 | bias:   -7 | dout: 255
Time: 4450 | dout_relu:       1 | bias:   -6 | dout: 255
Time: 4455 | dout_relu:       1 | bias:   -5 | dout: 255
Time: 4460 | dout_relu:       1 | bias:   -4 | dout: 255
Time: 4465 | dout_relu:       1 | bias:   -3 | dout: 255
Time: 4470 | dout_relu:       1 | bias:   -2 | dout: 255
Time: 4475 | dout_relu:       1 | bias:   -1 | dout: 255
Time: 4480 | dout_relu:       1 | bias:    0 | dout:   0
Time: 4485 | dout_relu:       1 | bias:    1 | dout:   0
Time: 4490 | dout_relu:       1 | bias:    2 | dout:   0
Time: 4495 | dout_relu:       1 | bias:    3 | dout:   0
Time: 4500 | dout_relu:       1 | bias:    4 | dout:   0
Time: 4505 | dout_relu:       1 | bias:    5 | dout:   0
Time: 4510 | dout_relu:       1 | bias:    6 | dout:   0
Time: 4515 | dout_relu:       1 | bias:    7 | dout:   0
Time: 4520 | dout_relu:       1 | bias:    8 | dout:   0
Time: 4525 | dout_relu:       1 | bias:    9 | dout:   0
Time: 4530 | dout_relu:       1 | bias:   10 | dout:   0
Time: 4535 | dout_relu:       1 | bias:   11 | dout:   0
Time: 4540 | dout_relu:       1 | bias:   12 | dout:   0
Time: 4545 | dout_relu:       1 | bias:   13 | dout:   0
Time: 4550 | dout_relu:       1 | bias:   14 | dout:   0
Time: 4555 | dout_relu:       1 | bias:   15 | dout:   0
Time: 4560 | dout_relu:       1 | bias:   16 | dout:   0
Time: 4565 | dout_relu:       1 | bias:   17 | dout:   0
Time: 4570 | dout_relu:       1 | bias:   18 | dout:   0
Time: 4575 | dout_relu:       1 | bias:   19 | dout:   0
Time: 4580 | dout_relu:       1 | bias:   20 | dout:   0
Time: 4585 | dout_relu:       1 | bias:   21 | dout:   0
Time: 4590 | dout_relu:       1 | bias:   22 | dout:   0
Time: 4595 | dout_relu:       1 | bias:   23 | dout:   0
Time: 4600 | dout_relu:       1 | bias:   24 | dout:   0
Time: 4605 | dout_relu:       1 | bias:   25 | dout:   0
Time: 4610 | dout_relu:       1 | bias:   26 | dout:   0
Time: 4615 | dout_relu:       1 | bias:   27 | dout:   0
Time: 4620 | dout_relu:       1 | bias:   28 | dout:   0
Time: 4625 | dout_relu:       1 | bias:   29 | dout:   0
Time: 4630 | dout_relu:       1 | bias:   30 | dout:   0
Time: 4635 | dout_relu:       1 | bias:   31 | dout:   0
Time: 4640 | dout_relu:       1 | bias:   32 | dout:   0
Time: 4645 | dout_relu:       1 | bias:   33 | dout:   0
Time: 4650 | dout_relu:       1 | bias:   34 | dout:   0
Time: 4655 | dout_relu:       1 | bias:   35 | dout:   0
Time: 4660 | dout_relu:       1 | bias:   36 | dout:   0
Time: 4665 | dout_relu:       1 | bias:   37 | dout:   0
Time: 4670 | dout_relu:       1 | bias:   38 | dout:   0
Time: 4675 | dout_relu:       1 | bias:   39 | dout:   0
Time: 4680 | dout_relu:       1 | bias:   40 | dout:   0
Time: 4685 | dout_relu:       1 | bias:   41 | dout:   0
Time: 4690 | dout_relu:       1 | bias:   42 | dout:   0
Time: 4695 | dout_relu:       1 | bias:   43 | dout:   0
Time: 4700 | dout_relu:       1 | bias:   44 | dout:   0
Time: 4705 | dout_relu:       1 | bias:   45 | dout:   0
Time: 4710 | dout_relu:       1 | bias:   46 | dout:   0
Time: 4715 | dout_relu:       1 | bias:   47 | dout:   0
Time: 4720 | dout_relu:       1 | bias:   48 | dout:   0
Time: 4725 | dout_relu:       1 | bias:   49 | dout:   0
Time: 4730 | dout_relu:       1 | bias:   50 | dout:   0
Time: 4735 | dout_relu:       1 | bias:   51 | dout:   0
Time: 4740 | dout_relu:       1 | bias:   52 | dout:   0
Time: 4745 | dout_relu:       1 | bias:   53 | dout:   0
Time: 4750 | dout_relu:       1 | bias:   54 | dout:   0
Time: 4755 | dout_relu:       1 | bias:   55 | dout:   0
Time: 4760 | dout_relu:       1 | bias:   56 | dout:   0
Time: 4765 | dout_relu:       1 | bias:   57 | dout:   0
Time: 4770 | dout_relu:       1 | bias:   58 | dout:   0
Time: 4775 | dout_relu:       1 | bias:   59 | dout:   0
Time: 4780 | dout_relu:       1 | bias:   60 | dout:   0
Time: 4785 | dout_relu:       1 | bias:   61 | dout:   0
Time: 4790 | dout_relu:       1 | bias:   62 | dout:   0
Time: 4795 | dout_relu:       1 | bias:   63 | dout:   0
Time: 4800 | dout_relu:       1 | bias:   64 | dout:   0
Time: 4805 | dout_relu:       1 | bias:   65 | dout:   0
Time: 4810 | dout_relu:       1 | bias:   66 | dout:   0
Time: 4815 | dout_relu:       1 | bias:   67 | dout:   0
Time: 4820 | dout_relu:       1 | bias:   68 | dout:   0
Time: 4825 | dout_relu:       1 | bias:   69 | dout:   0
Time: 4830 | dout_relu:       1 | bias:   70 | dout:   0
Time: 4835 | dout_relu:       1 | bias:   71 | dout:   0
Time: 4840 | dout_relu:       1 | bias:   72 | dout:   0
Time: 4845 | dout_relu:       1 | bias:   73 | dout:   0
Time: 4850 | dout_relu:       1 | bias:   74 | dout:   0
Time: 4855 | dout_relu:       1 | bias:   75 | dout:   0
Time: 4860 | dout_relu:       1 | bias:   76 | dout:   0
Time: 4865 | dout_relu:       1 | bias:   77 | dout:   0
Time: 4870 | dout_relu:       1 | bias:   78 | dout:   0
Time: 4875 | dout_relu:       1 | bias:   79 | dout:   0
Time: 4880 | dout_relu:       1 | bias:   80 | dout:   0
Time: 4885 | dout_relu:       1 | bias:   81 | dout:   0
Time: 4890 | dout_relu:       1 | bias:   82 | dout:   0
Time: 4895 | dout_relu:       1 | bias:   83 | dout:   0
Time: 4900 | dout_relu:       1 | bias:   84 | dout:   0
Time: 4905 | dout_relu:       1 | bias:   85 | dout:   0
Time: 4910 | dout_relu:       1 | bias:   86 | dout:   0
Time: 4915 | dout_relu:       1 | bias:   87 | dout:   0
Time: 4920 | dout_relu:       1 | bias:   88 | dout:   0
Time: 4925 | dout_relu:       1 | bias:   89 | dout:   0
Time: 4930 | dout_relu:       1 | bias:   90 | dout:   0
Time: 4935 | dout_relu:       1 | bias:   91 | dout:   0
Time: 4940 | dout_relu:       1 | bias:   92 | dout:   0
Time: 4945 | dout_relu:       1 | bias:   93 | dout:   0
Time: 4950 | dout_relu:       1 | bias:   94 | dout:   0
Time: 4955 | dout_relu:       1 | bias:   95 | dout:   0
Time: 4960 | dout_relu:       1 | bias:   96 | dout:   0
Time: 4965 | dout_relu:       1 | bias:   97 | dout:   0
Time: 4970 | dout_relu:       1 | bias:   98 | dout:   0
Time: 4975 | dout_relu:       1 | bias:   99 | dout:   0
Time: 4980 | dout_relu:       1 | bias:  100 | dout:   0
Time: 4985 | dout_relu:       1 | bias:  101 | dout:   0
Time: 4990 | dout_relu:       1 | bias:  102 | dout:   0
Time: 4995 | dout_relu:       1 | bias:  103 | dout:   0
Time: 5000 | dout_relu:       1 | bias:  104 | dout:   0
Time: 5005 | dout_relu:       1 | bias:  105 | dout:   0
Time: 5010 | dout_relu:       1 | bias:  106 | dout:   0
Time: 5015 | dout_relu:       1 | bias:  107 | dout:   0
Time: 5020 | dout_relu:       1 | bias:  108 | dout:   0
Time: 5025 | dout_relu:       1 | bias:  109 | dout:   0
Time: 5030 | dout_relu:       1 | bias:  110 | dout:   0
Time: 5035 | dout_relu:       1 | bias:  111 | dout:   0
Time: 5040 | dout_relu:       1 | bias:  112 | dout:   0
Time: 5045 | dout_relu:       1 | bias:  113 | dout:   0
Time: 5050 | dout_relu:       1 | bias:  114 | dout:   0
Time: 5055 | dout_relu:       1 | bias:  115 | dout:   0
Time: 5060 | dout_relu:       1 | bias:  116 | dout:   0
Time: 5065 | dout_relu:       1 | bias:  117 | dout:   0
Time: 5070 | dout_relu:       1 | bias:  118 | dout:   0
Time: 5075 | dout_relu:       1 | bias:  119 | dout:   0
Time: 5080 | dout_relu:       1 | bias:  120 | dout:   0
Time: 5085 | dout_relu:       1 | bias:  121 | dout:   0
Time: 5090 | dout_relu:       1 | bias:  122 | dout:   0
Time: 5095 | dout_relu:       1 | bias:  123 | dout:   0
Time: 5100 | dout_relu:       1 | bias:  124 | dout:   0
Time: 5105 | dout_relu:       1 | bias:  125 | dout:   0
Time: 5110 | dout_relu:       1 | bias:  126 | dout:   0
Time: 5115 | dout_relu:       1 | bias:  127 | dout:   0
Time: 5120 | dout_relu:      -1 | bias: -128 | dout: 255
Time: 5125 | dout_relu:      -1 | bias: -127 | dout: 255
Time: 5130 | dout_relu:      -1 | bias: -126 | dout: 255
Time: 5135 | dout_relu:      -1 | bias: -125 | dout: 255
Time: 5140 | dout_relu:      -1 | bias: -124 | dout: 255
Time: 5145 | dout_relu:      -1 | bias: -123 | dout: 255
Time: 5150 | dout_relu:      -1 | bias: -122 | dout: 255
Time: 5155 | dout_relu:      -1 | bias: -121 | dout: 255
Time: 5160 | dout_relu:      -1 | bias: -120 | dout: 255
Time: 5165 | dout_relu:      -1 | bias: -119 | dout: 255
Time: 5170 | dout_relu:      -1 | bias: -118 | dout: 255
Time: 5175 | dout_relu:      -1 | bias: -117 | dout: 255
Time: 5180 | dout_relu:      -1 | bias: -116 | dout: 255
Time: 5185 | dout_relu:      -1 | bias: -115 | dout: 255
Time: 5190 | dout_relu:      -1 | bias: -114 | dout: 255
Time: 5195 | dout_relu:      -1 | bias: -113 | dout: 255
Time: 5200 | dout_relu:      -1 | bias: -112 | dout: 255
Time: 5205 | dout_relu:      -1 | bias: -111 | dout: 255
Time: 5210 | dout_relu:      -1 | bias: -110 | dout: 255
Time: 5215 | dout_relu:      -1 | bias: -109 | dout: 255
Time: 5220 | dout_relu:      -1 | bias: -108 | dout: 255
Time: 5225 | dout_relu:      -1 | bias: -107 | dout: 255
Time: 5230 | dout_relu:      -1 | bias: -106 | dout: 255
Time: 5235 | dout_relu:      -1 | bias: -105 | dout: 255
Time: 5240 | dout_relu:      -1 | bias: -104 | dout: 255
Time: 5245 | dout_relu:      -1 | bias: -103 | dout: 255
Time: 5250 | dout_relu:      -1 | bias: -102 | dout: 255
Time: 5255 | dout_relu:      -1 | bias: -101 | dout: 255
Time: 5260 | dout_relu:      -1 | bias: -100 | dout: 255
Time: 5265 | dout_relu:      -1 | bias:  -99 | dout: 255
Time: 5270 | dout_relu:      -1 | bias:  -98 | dout: 255
Time: 5275 | dout_relu:      -1 | bias:  -97 | dout: 255
Time: 5280 | dout_relu:      -1 | bias:  -96 | dout: 255
Time: 5285 | dout_relu:      -1 | bias:  -95 | dout: 255
Time: 5290 | dout_relu:      -1 | bias:  -94 | dout: 255
Time: 5295 | dout_relu:      -1 | bias:  -93 | dout: 255
Time: 5300 | dout_relu:      -1 | bias:  -92 | dout: 255
Time: 5305 | dout_relu:      -1 | bias:  -91 | dout: 255
Time: 5310 | dout_relu:      -1 | bias:  -90 | dout: 255
Time: 5315 | dout_relu:      -1 | bias:  -89 | dout: 255
Time: 5320 | dout_relu:      -1 | bias:  -88 | dout: 255
Time: 5325 | dout_relu:      -1 | bias:  -87 | dout: 255
Time: 5330 | dout_relu:      -1 | bias:  -86 | dout: 255
Time: 5335 | dout_relu:      -1 | bias:  -85 | dout: 255
Time: 5340 | dout_relu:      -1 | bias:  -84 | dout: 255
Time: 5345 | dout_relu:      -1 | bias:  -83 | dout: 255
Time: 5350 | dout_relu:      -1 | bias:  -82 | dout: 255
Time: 5355 | dout_relu:      -1 | bias:  -81 | dout: 255
Time: 5360 | dout_relu:      -1 | bias:  -80 | dout: 255
Time: 5365 | dout_relu:      -1 | bias:  -79 | dout: 255
Time: 5370 | dout_relu:      -1 | bias:  -78 | dout: 255
Time: 5375 | dout_relu:      -1 | bias:  -77 | dout: 255
Time: 5380 | dout_relu:      -1 | bias:  -76 | dout: 255
Time: 5385 | dout_relu:      -1 | bias:  -75 | dout: 255
Time: 5390 | dout_relu:      -1 | bias:  -74 | dout: 255
Time: 5395 | dout_relu:      -1 | bias:  -73 | dout: 255
Time: 5400 | dout_relu:      -1 | bias:  -72 | dout: 255
Time: 5405 | dout_relu:      -1 | bias:  -71 | dout: 255
Time: 5410 | dout_relu:      -1 | bias:  -70 | dout: 255
Time: 5415 | dout_relu:      -1 | bias:  -69 | dout: 255
Time: 5420 | dout_relu:      -1 | bias:  -68 | dout: 255
Time: 5425 | dout_relu:      -1 | bias:  -67 | dout: 255
Time: 5430 | dout_relu:      -1 | bias:  -66 | dout: 255
Time: 5435 | dout_relu:      -1 | bias:  -65 | dout: 255
Time: 5440 | dout_relu:      -1 | bias:  -64 | dout: 255
Time: 5445 | dout_relu:      -1 | bias:  -63 | dout: 255
Time: 5450 | dout_relu:      -1 | bias:  -62 | dout: 255
Time: 5455 | dout_relu:      -1 | bias:  -61 | dout: 255
Time: 5460 | dout_relu:      -1 | bias:  -60 | dout: 255
Time: 5465 | dout_relu:      -1 | bias:  -59 | dout: 255
Time: 5470 | dout_relu:      -1 | bias:  -58 | dout: 255
Time: 5475 | dout_relu:      -1 | bias:  -57 | dout: 255
Time: 5480 | dout_relu:      -1 | bias:  -56 | dout: 255
Time: 5485 | dout_relu:      -1 | bias:  -55 | dout: 255
Time: 5490 | dout_relu:      -1 | bias:  -54 | dout: 255
Time: 5495 | dout_relu:      -1 | bias:  -53 | dout: 255
Time: 5500 | dout_relu:      -1 | bias:  -52 | dout: 255
Time: 5505 | dout_relu:      -1 | bias:  -51 | dout: 255
Time: 5510 | dout_relu:      -1 | bias:  -50 | dout: 255
Time: 5515 | dout_relu:      -1 | bias:  -49 | dout: 255
Time: 5520 | dout_relu:      -1 | bias:  -48 | dout: 255
Time: 5525 | dout_relu:      -1 | bias:  -47 | dout: 255
Time: 5530 | dout_relu:      -1 | bias:  -46 | dout: 255
Time: 5535 | dout_relu:      -1 | bias:  -45 | dout: 255
Time: 5540 | dout_relu:      -1 | bias:  -44 | dout: 255
Time: 5545 | dout_relu:      -1 | bias:  -43 | dout: 255
Time: 5550 | dout_relu:      -1 | bias:  -42 | dout: 255
Time: 5555 | dout_relu:      -1 | bias:  -41 | dout: 255
Time: 5560 | dout_relu:      -1 | bias:  -40 | dout: 255
Time: 5565 | dout_relu:      -1 | bias:  -39 | dout: 255
Time: 5570 | dout_relu:      -1 | bias:  -38 | dout: 255
Time: 5575 | dout_relu:      -1 | bias:  -37 | dout: 255
Time: 5580 | dout_relu:      -1 | bias:  -36 | dout: 255
Time: 5585 | dout_relu:      -1 | bias:  -35 | dout: 255
Time: 5590 | dout_relu:      -1 | bias:  -34 | dout: 255
Time: 5595 | dout_relu:      -1 | bias:  -33 | dout: 255
Time: 5600 | dout_relu:      -1 | bias:  -32 | dout: 255
Time: 5605 | dout_relu:      -1 | bias:  -31 | dout: 255
Time: 5610 | dout_relu:      -1 | bias:  -30 | dout: 255
Time: 5615 | dout_relu:      -1 | bias:  -29 | dout: 255
Time: 5620 | dout_relu:      -1 | bias:  -28 | dout: 255
Time: 5625 | dout_relu:      -1 | bias:  -27 | dout: 255
Time: 5630 | dout_relu:      -1 | bias:  -26 | dout: 255
Time: 5635 | dout_relu:      -1 | bias:  -25 | dout: 255
Time: 5640 | dout_relu:      -1 | bias:  -24 | dout: 255
Time: 5645 | dout_relu:      -1 | bias:  -23 | dout: 255
Time: 5650 | dout_relu:      -1 | bias:  -22 | dout: 255
Time: 5655 | dout_relu:      -1 | bias:  -21 | dout: 255
Time: 5660 | dout_relu:      -1 | bias:  -20 | dout: 255
Time: 5665 | dout_relu:      -1 | bias:  -19 | dout: 255
Time: 5670 | dout_relu:      -1 | bias:  -18 | dout: 255
Time: 5675 | dout_relu:      -1 | bias:  -17 | dout: 255
Time: 5680 | dout_relu:      -1 | bias:  -16 | dout: 255
Time: 5685 | dout_relu:      -1 | bias:  -15 | dout: 255
Time: 5690 | dout_relu:      -1 | bias:  -14 | dout: 255
Time: 5695 | dout_relu:      -1 | bias:  -13 | dout: 255
Time: 5700 | dout_relu:      -1 | bias:  -12 | dout: 255
Time: 5705 | dout_relu:      -1 | bias:  -11 | dout: 255
Time: 5710 | dout_relu:      -1 | bias:  -10 | dout: 255
Time: 5715 | dout_relu:      -1 | bias:   -9 | dout: 255
Time: 5720 | dout_relu:      -1 | bias:   -8 | dout: 255
Time: 5725 | dout_relu:      -1 | bias:   -7 | dout: 255
Time: 5730 | dout_relu:      -1 | bias:   -6 | dout: 255
Time: 5735 | dout_relu:      -1 | bias:   -5 | dout: 255
Time: 5740 | dout_relu:      -1 | bias:   -4 | dout: 255
Time: 5745 | dout_relu:      -1 | bias:   -3 | dout: 255
Time: 5750 | dout_relu:      -1 | bias:   -2 | dout: 255
Time: 5755 | dout_relu:      -1 | bias:   -1 | dout: 255
Time: 5760 | dout_relu:      -1 | bias:    0 | dout: 255
Time: 5765 | dout_relu:      -1 | bias:    1 | dout:   0
Time: 5770 | dout_relu:      -1 | bias:    2 | dout:   0
Time: 5775 | dout_relu:      -1 | bias:    3 | dout:   0
Time: 5780 | dout_relu:      -1 | bias:    4 | dout:   0
Time: 5785 | dout_relu:      -1 | bias:    5 | dout:   0
Time: 5790 | dout_relu:      -1 | bias:    6 | dout:   0
Time: 5795 | dout_relu:      -1 | bias:    7 | dout:   0
Time: 5800 | dout_relu:      -1 | bias:    8 | dout:   0
Time: 5805 | dout_relu:      -1 | bias:    9 | dout:   0
Time: 5810 | dout_relu:      -1 | bias:   10 | dout:   0
Time: 5815 | dout_relu:      -1 | bias:   11 | dout:   0
Time: 5820 | dout_relu:      -1 | bias:   12 | dout:   0
Time: 5825 | dout_relu:      -1 | bias:   13 | dout:   0
Time: 5830 | dout_relu:      -1 | bias:   14 | dout:   0
Time: 5835 | dout_relu:      -1 | bias:   15 | dout:   0
Time: 5840 | dout_relu:      -1 | bias:   16 | dout:   0
Time: 5845 | dout_relu:      -1 | bias:   17 | dout:   0
Time: 5850 | dout_relu:      -1 | bias:   18 | dout:   0
Time: 5855 | dout_relu:      -1 | bias:   19 | dout:   0
Time: 5860 | dout_relu:      -1 | bias:   20 | dout:   0
Time: 5865 | dout_relu:      -1 | bias:   21 | dout:   0
Time: 5870 | dout_relu:      -1 | bias:   22 | dout:   0
Time: 5875 | dout_relu:      -1 | bias:   23 | dout:   0
Time: 5880 | dout_relu:      -1 | bias:   24 | dout:   0
Time: 5885 | dout_relu:      -1 | bias:   25 | dout:   0
Time: 5890 | dout_relu:      -1 | bias:   26 | dout:   0
Time: 5895 | dout_relu:      -1 | bias:   27 | dout:   0
Time: 5900 | dout_relu:      -1 | bias:   28 | dout:   0
Time: 5905 | dout_relu:      -1 | bias:   29 | dout:   0
Time: 5910 | dout_relu:      -1 | bias:   30 | dout:   0
Time: 5915 | dout_relu:      -1 | bias:   31 | dout:   0
Time: 5920 | dout_relu:      -1 | bias:   32 | dout:   0
Time: 5925 | dout_relu:      -1 | bias:   33 | dout:   0
Time: 5930 | dout_relu:      -1 | bias:   34 | dout:   0
Time: 5935 | dout_relu:      -1 | bias:   35 | dout:   0
Time: 5940 | dout_relu:      -1 | bias:   36 | dout:   0
Time: 5945 | dout_relu:      -1 | bias:   37 | dout:   0
Time: 5950 | dout_relu:      -1 | bias:   38 | dout:   0
Time: 5955 | dout_relu:      -1 | bias:   39 | dout:   0
Time: 5960 | dout_relu:      -1 | bias:   40 | dout:   0
Time: 5965 | dout_relu:      -1 | bias:   41 | dout:   0
Time: 5970 | dout_relu:      -1 | bias:   42 | dout:   0
Time: 5975 | dout_relu:      -1 | bias:   43 | dout:   0
Time: 5980 | dout_relu:      -1 | bias:   44 | dout:   0
Time: 5985 | dout_relu:      -1 | bias:   45 | dout:   0
Time: 5990 | dout_relu:      -1 | bias:   46 | dout:   0
Time: 5995 | dout_relu:      -1 | bias:   47 | dout:   0
Time: 6000 | dout_relu:      -1 | bias:   48 | dout:   0
Time: 6005 | dout_relu:      -1 | bias:   49 | dout:   0
Time: 6010 | dout_relu:      -1 | bias:   50 | dout:   0
Time: 6015 | dout_relu:      -1 | bias:   51 | dout:   0
Time: 6020 | dout_relu:      -1 | bias:   52 | dout:   0
Time: 6025 | dout_relu:      -1 | bias:   53 | dout:   0
Time: 6030 | dout_relu:      -1 | bias:   54 | dout:   0
Time: 6035 | dout_relu:      -1 | bias:   55 | dout:   0
Time: 6040 | dout_relu:      -1 | bias:   56 | dout:   0
Time: 6045 | dout_relu:      -1 | bias:   57 | dout:   0
Time: 6050 | dout_relu:      -1 | bias:   58 | dout:   0
Time: 6055 | dout_relu:      -1 | bias:   59 | dout:   0
Time: 6060 | dout_relu:      -1 | bias:   60 | dout:   0
Time: 6065 | dout_relu:      -1 | bias:   61 | dout:   0
Time: 6070 | dout_relu:      -1 | bias:   62 | dout:   0
Time: 6075 | dout_relu:      -1 | bias:   63 | dout:   0
Time: 6080 | dout_relu:      -1 | bias:   64 | dout:   0
Time: 6085 | dout_relu:      -1 | bias:   65 | dout:   0
Time: 6090 | dout_relu:      -1 | bias:   66 | dout:   0
Time: 6095 | dout_relu:      -1 | bias:   67 | dout:   0
Time: 6100 | dout_relu:      -1 | bias:   68 | dout:   0
Time: 6105 | dout_relu:      -1 | bias:   69 | dout:   0
Time: 6110 | dout_relu:      -1 | bias:   70 | dout:   0
Time: 6115 | dout_relu:      -1 | bias:   71 | dout:   0
Time: 6120 | dout_relu:      -1 | bias:   72 | dout:   0
Time: 6125 | dout_relu:      -1 | bias:   73 | dout:   0
Time: 6130 | dout_relu:      -1 | bias:   74 | dout:   0
Time: 6135 | dout_relu:      -1 | bias:   75 | dout:   0
Time: 6140 | dout_relu:      -1 | bias:   76 | dout:   0
Time: 6145 | dout_relu:      -1 | bias:   77 | dout:   0
Time: 6150 | dout_relu:      -1 | bias:   78 | dout:   0
Time: 6155 | dout_relu:      -1 | bias:   79 | dout:   0
Time: 6160 | dout_relu:      -1 | bias:   80 | dout:   0
Time: 6165 | dout_relu:      -1 | bias:   81 | dout:   0
Time: 6170 | dout_relu:      -1 | bias:   82 | dout:   0
Time: 6175 | dout_relu:      -1 | bias:   83 | dout:   0
Time: 6180 | dout_relu:      -1 | bias:   84 | dout:   0
Time: 6185 | dout_relu:      -1 | bias:   85 | dout:   0
Time: 6190 | dout_relu:      -1 | bias:   86 | dout:   0
Time: 6195 | dout_relu:      -1 | bias:   87 | dout:   0
Time: 6200 | dout_relu:      -1 | bias:   88 | dout:   0
Time: 6205 | dout_relu:      -1 | bias:   89 | dout:   0
Time: 6210 | dout_relu:      -1 | bias:   90 | dout:   0
Time: 6215 | dout_relu:      -1 | bias:   91 | dout:   0
Time: 6220 | dout_relu:      -1 | bias:   92 | dout:   0
Time: 6225 | dout_relu:      -1 | bias:   93 | dout:   0
Time: 6230 | dout_relu:      -1 | bias:   94 | dout:   0
Time: 6235 | dout_relu:      -1 | bias:   95 | dout:   0
Time: 6240 | dout_relu:      -1 | bias:   96 | dout:   0
Time: 6245 | dout_relu:      -1 | bias:   97 | dout:   0
Time: 6250 | dout_relu:      -1 | bias:   98 | dout:   0
Time: 6255 | dout_relu:      -1 | bias:   99 | dout:   0
Time: 6260 | dout_relu:      -1 | bias:  100 | dout:   0
Time: 6265 | dout_relu:      -1 | bias:  101 | dout:   0
Time: 6270 | dout_relu:      -1 | bias:  102 | dout:   0
Time: 6275 | dout_relu:      -1 | bias:  103 | dout:   0
Time: 6280 | dout_relu:      -1 | bias:  104 | dout:   0
Time: 6285 | dout_relu:      -1 | bias:  105 | dout:   0
Time: 6290 | dout_relu:      -1 | bias:  106 | dout:   0
Time: 6295 | dout_relu:      -1 | bias:  107 | dout:   0
Time: 6300 | dout_relu:      -1 | bias:  108 | dout:   0
Time: 6305 | dout_relu:      -1 | bias:  109 | dout:   0
Time: 6310 | dout_relu:      -1 | bias:  110 | dout:   0
Time: 6315 | dout_relu:      -1 | bias:  111 | dout:   0
Time: 6320 | dout_relu:      -1 | bias:  112 | dout:   0
Time: 6325 | dout_relu:      -1 | bias:  113 | dout:   0
Time: 6330 | dout_relu:      -1 | bias:  114 | dout:   0
Time: 6335 | dout_relu:      -1 | bias:  115 | dout:   0
Time: 6340 | dout_relu:      -1 | bias:  116 | dout:   0
Time: 6345 | dout_relu:      -1 | bias:  117 | dout:   0
Time: 6350 | dout_relu:      -1 | bias:  118 | dout:   0
Time: 6355 | dout_relu:      -1 | bias:  119 | dout:   0
Time: 6360 | dout_relu:      -1 | bias:  120 | dout:   0
Time: 6365 | dout_relu:      -1 | bias:  121 | dout:   0
Time: 6370 | dout_relu:      -1 | bias:  122 | dout:   0
Time: 6375 | dout_relu:      -1 | bias:  123 | dout:   0
Time: 6380 | dout_relu:      -1 | bias:  124 | dout:   0
Time: 6385 | dout_relu:      -1 | bias:  125 | dout:   0
Time: 6390 | dout_relu:      -1 | bias:  126 | dout:   0
Time: 6395 | dout_relu:      -1 | bias:  127 | dout:   0
Time: 6400 | dout_relu: -131072 | bias: -128 | dout: 127
Time: 6405 | dout_relu: -131072 | bias: -127 | dout: 127
Time: 6410 | dout_relu: -131072 | bias: -126 | dout: 127
Time: 6415 | dout_relu: -131072 | bias: -125 | dout: 127
Time: 6420 | dout_relu: -131072 | bias: -124 | dout: 127
Time: 6425 | dout_relu: -131072 | bias: -123 | dout: 127
Time: 6430 | dout_relu: -131072 | bias: -122 | dout: 127
Time: 6435 | dout_relu: -131072 | bias: -121 | dout: 127
Time: 6440 | dout_relu: -131072 | bias: -120 | dout: 127
Time: 6445 | dout_relu: -131072 | bias: -119 | dout: 127
Time: 6450 | dout_relu: -131072 | bias: -118 | dout: 127
Time: 6455 | dout_relu: -131072 | bias: -117 | dout: 127
Time: 6460 | dout_relu: -131072 | bias: -116 | dout: 127
Time: 6465 | dout_relu: -131072 | bias: -115 | dout: 127
Time: 6470 | dout_relu: -131072 | bias: -114 | dout: 127
Time: 6475 | dout_relu: -131072 | bias: -113 | dout: 127
Time: 6480 | dout_relu: -131072 | bias: -112 | dout: 127
Time: 6485 | dout_relu: -131072 | bias: -111 | dout: 127
Time: 6490 | dout_relu: -131072 | bias: -110 | dout: 127
Time: 6495 | dout_relu: -131072 | bias: -109 | dout: 127
Time: 6500 | dout_relu: -131072 | bias: -108 | dout: 127
Time: 6505 | dout_relu: -131072 | bias: -107 | dout: 127
Time: 6510 | dout_relu: -131072 | bias: -106 | dout: 127
Time: 6515 | dout_relu: -131072 | bias: -105 | dout: 127
Time: 6520 | dout_relu: -131072 | bias: -104 | dout: 127
Time: 6525 | dout_relu: -131072 | bias: -103 | dout: 127
Time: 6530 | dout_relu: -131072 | bias: -102 | dout: 127
Time: 6535 | dout_relu: -131072 | bias: -101 | dout: 127
Time: 6540 | dout_relu: -131072 | bias: -100 | dout: 127
Time: 6545 | dout_relu: -131072 | bias:  -99 | dout: 127
Time: 6550 | dout_relu: -131072 | bias:  -98 | dout: 127
Time: 6555 | dout_relu: -131072 | bias:  -97 | dout: 127
Time: 6560 | dout_relu: -131072 | bias:  -96 | dout: 127
Time: 6565 | dout_relu: -131072 | bias:  -95 | dout: 127
Time: 6570 | dout_relu: -131072 | bias:  -94 | dout: 127
Time: 6575 | dout_relu: -131072 | bias:  -93 | dout: 127
Time: 6580 | dout_relu: -131072 | bias:  -92 | dout: 127
Time: 6585 | dout_relu: -131072 | bias:  -91 | dout: 127
Time: 6590 | dout_relu: -131072 | bias:  -90 | dout: 127
Time: 6595 | dout_relu: -131072 | bias:  -89 | dout: 127
Time: 6600 | dout_relu: -131072 | bias:  -88 | dout: 127
Time: 6605 | dout_relu: -131072 | bias:  -87 | dout: 127
Time: 6610 | dout_relu: -131072 | bias:  -86 | dout: 127
Time: 6615 | dout_relu: -131072 | bias:  -85 | dout: 127
Time: 6620 | dout_relu: -131072 | bias:  -84 | dout: 127
Time: 6625 | dout_relu: -131072 | bias:  -83 | dout: 127
Time: 6630 | dout_relu: -131072 | bias:  -82 | dout: 127
Time: 6635 | dout_relu: -131072 | bias:  -81 | dout: 127
Time: 6640 | dout_relu: -131072 | bias:  -80 | dout: 127
Time: 6645 | dout_relu: -131072 | bias:  -79 | dout: 127
Time: 6650 | dout_relu: -131072 | bias:  -78 | dout: 127
Time: 6655 | dout_relu: -131072 | bias:  -77 | dout: 127
Time: 6660 | dout_relu: -131072 | bias:  -76 | dout: 127
Time: 6665 | dout_relu: -131072 | bias:  -75 | dout: 127
Time: 6670 | dout_relu: -131072 | bias:  -74 | dout: 127
Time: 6675 | dout_relu: -131072 | bias:  -73 | dout: 127
Time: 6680 | dout_relu: -131072 | bias:  -72 | dout: 127
Time: 6685 | dout_relu: -131072 | bias:  -71 | dout: 127
Time: 6690 | dout_relu: -131072 | bias:  -70 | dout: 127
Time: 6695 | dout_relu: -131072 | bias:  -69 | dout: 127
Time: 6700 | dout_relu: -131072 | bias:  -68 | dout: 127
Time: 6705 | dout_relu: -131072 | bias:  -67 | dout: 127
Time: 6710 | dout_relu: -131072 | bias:  -66 | dout: 127
Time: 6715 | dout_relu: -131072 | bias:  -65 | dout: 127
Time: 6720 | dout_relu: -131072 | bias:  -64 | dout: 127
Time: 6725 | dout_relu: -131072 | bias:  -63 | dout: 127
Time: 6730 | dout_relu: -131072 | bias:  -62 | dout: 127
Time: 6735 | dout_relu: -131072 | bias:  -61 | dout: 127
Time: 6740 | dout_relu: -131072 | bias:  -60 | dout: 127
Time: 6745 | dout_relu: -131072 | bias:  -59 | dout: 127
Time: 6750 | dout_relu: -131072 | bias:  -58 | dout: 127
Time: 6755 | dout_relu: -131072 | bias:  -57 | dout: 127
Time: 6760 | dout_relu: -131072 | bias:  -56 | dout: 127
Time: 6765 | dout_relu: -131072 | bias:  -55 | dout: 127
Time: 6770 | dout_relu: -131072 | bias:  -54 | dout: 127
Time: 6775 | dout_relu: -131072 | bias:  -53 | dout: 127
Time: 6780 | dout_relu: -131072 | bias:  -52 | dout: 127
Time: 6785 | dout_relu: -131072 | bias:  -51 | dout: 127
Time: 6790 | dout_relu: -131072 | bias:  -50 | dout: 127
Time: 6795 | dout_relu: -131072 | bias:  -49 | dout: 127
Time: 6800 | dout_relu: -131072 | bias:  -48 | dout: 127
Time: 6805 | dout_relu: -131072 | bias:  -47 | dout: 127
Time: 6810 | dout_relu: -131072 | bias:  -46 | dout: 127
Time: 6815 | dout_relu: -131072 | bias:  -45 | dout: 127
Time: 6820 | dout_relu: -131072 | bias:  -44 | dout: 127
Time: 6825 | dout_relu: -131072 | bias:  -43 | dout: 127
Time: 6830 | dout_relu: -131072 | bias:  -42 | dout: 127
Time: 6835 | dout_relu: -131072 | bias:  -41 | dout: 127
Time: 6840 | dout_relu: -131072 | bias:  -40 | dout: 127
Time: 6845 | dout_relu: -131072 | bias:  -39 | dout: 127
Time: 6850 | dout_relu: -131072 | bias:  -38 | dout: 127
Time: 6855 | dout_relu: -131072 | bias:  -37 | dout: 127
Time: 6860 | dout_relu: -131072 | bias:  -36 | dout: 127
Time: 6865 | dout_relu: -131072 | bias:  -35 | dout: 127
Time: 6870 | dout_relu: -131072 | bias:  -34 | dout: 127
Time: 6875 | dout_relu: -131072 | bias:  -33 | dout: 127
Time: 6880 | dout_relu: -131072 | bias:  -32 | dout: 127
Time: 6885 | dout_relu: -131072 | bias:  -31 | dout: 127
Time: 6890 | dout_relu: -131072 | bias:  -30 | dout: 127
Time: 6895 | dout_relu: -131072 | bias:  -29 | dout: 127
Time: 6900 | dout_relu: -131072 | bias:  -28 | dout: 127
Time: 6905 | dout_relu: -131072 | bias:  -27 | dout: 127
Time: 6910 | dout_relu: -131072 | bias:  -26 | dout: 127
Time: 6915 | dout_relu: -131072 | bias:  -25 | dout: 127
Time: 6920 | dout_relu: -131072 | bias:  -24 | dout: 127
Time: 6925 | dout_relu: -131072 | bias:  -23 | dout: 127
Time: 6930 | dout_relu: -131072 | bias:  -22 | dout: 127
Time: 6935 | dout_relu: -131072 | bias:  -21 | dout: 127
Time: 6940 | dout_relu: -131072 | bias:  -20 | dout: 127
Time: 6945 | dout_relu: -131072 | bias:  -19 | dout: 127
Time: 6950 | dout_relu: -131072 | bias:  -18 | dout: 127
Time: 6955 | dout_relu: -131072 | bias:  -17 | dout: 127
Time: 6960 | dout_relu: -131072 | bias:  -16 | dout: 127
Time: 6965 | dout_relu: -131072 | bias:  -15 | dout: 127
Time: 6970 | dout_relu: -131072 | bias:  -14 | dout: 127
Time: 6975 | dout_relu: -131072 | bias:  -13 | dout: 127
Time: 6980 | dout_relu: -131072 | bias:  -12 | dout: 127
Time: 6985 | dout_relu: -131072 | bias:  -11 | dout: 127
Time: 6990 | dout_relu: -131072 | bias:  -10 | dout: 127
Time: 6995 | dout_relu: -131072 | bias:   -9 | dout: 127
Time: 7000 | dout_relu: -131072 | bias:   -8 | dout: 127
Time: 7005 | dout_relu: -131072 | bias:   -7 | dout: 127
Time: 7010 | dout_relu: -131072 | bias:   -6 | dout: 127
Time: 7015 | dout_relu: -131072 | bias:   -5 | dout: 127
Time: 7020 | dout_relu: -131072 | bias:   -4 | dout: 127
Time: 7025 | dout_relu: -131072 | bias:   -3 | dout: 127
Time: 7030 | dout_relu: -131072 | bias:   -2 | dout: 127
Time: 7035 | dout_relu: -131072 | bias:   -1 | dout: 127
Time: 7040 | dout_relu: -131072 | bias:    0 | dout: 128
Time: 7045 | dout_relu: -131072 | bias:    1 | dout: 128
Time: 7050 | dout_relu: -131072 | bias:    2 | dout: 128
Time: 7055 | dout_relu: -131072 | bias:    3 | dout: 128
Time: 7060 | dout_relu: -131072 | bias:    4 | dout: 128
Time: 7065 | dout_relu: -131072 | bias:    5 | dout: 128
Time: 7070 | dout_relu: -131072 | bias:    6 | dout: 128
Time: 7075 | dout_relu: -131072 | bias:    7 | dout: 128
Time: 7080 | dout_relu: -131072 | bias:    8 | dout: 128
Time: 7085 | dout_relu: -131072 | bias:    9 | dout: 128
Time: 7090 | dout_relu: -131072 | bias:   10 | dout: 128
Time: 7095 | dout_relu: -131072 | bias:   11 | dout: 128
Time: 7100 | dout_relu: -131072 | bias:   12 | dout: 128
Time: 7105 | dout_relu: -131072 | bias:   13 | dout: 128
Time: 7110 | dout_relu: -131072 | bias:   14 | dout: 128
Time: 7115 | dout_relu: -131072 | bias:   15 | dout: 128
Time: 7120 | dout_relu: -131072 | bias:   16 | dout: 128
Time: 7125 | dout_relu: -131072 | bias:   17 | dout: 128
Time: 7130 | dout_relu: -131072 | bias:   18 | dout: 128
Time: 7135 | dout_relu: -131072 | bias:   19 | dout: 128
Time: 7140 | dout_relu: -131072 | bias:   20 | dout: 128
Time: 7145 | dout_relu: -131072 | bias:   21 | dout: 128
Time: 7150 | dout_relu: -131072 | bias:   22 | dout: 128
Time: 7155 | dout_relu: -131072 | bias:   23 | dout: 128
Time: 7160 | dout_relu: -131072 | bias:   24 | dout: 128
Time: 7165 | dout_relu: -131072 | bias:   25 | dout: 128
Time: 7170 | dout_relu: -131072 | bias:   26 | dout: 128
Time: 7175 | dout_relu: -131072 | bias:   27 | dout: 128
Time: 7180 | dout_relu: -131072 | bias:   28 | dout: 128
Time: 7185 | dout_relu: -131072 | bias:   29 | dout: 128
Time: 7190 | dout_relu: -131072 | bias:   30 | dout: 128
Time: 7195 | dout_relu: -131072 | bias:   31 | dout: 128
Time: 7200 | dout_relu: -131072 | bias:   32 | dout: 128
Time: 7205 | dout_relu: -131072 | bias:   33 | dout: 128
Time: 7210 | dout_relu: -131072 | bias:   34 | dout: 128
Time: 7215 | dout_relu: -131072 | bias:   35 | dout: 128
Time: 7220 | dout_relu: -131072 | bias:   36 | dout: 128
Time: 7225 | dout_relu: -131072 | bias:   37 | dout: 128
Time: 7230 | dout_relu: -131072 | bias:   38 | dout: 128
Time: 7235 | dout_relu: -131072 | bias:   39 | dout: 128
Time: 7240 | dout_relu: -131072 | bias:   40 | dout: 128
Time: 7245 | dout_relu: -131072 | bias:   41 | dout: 128
Time: 7250 | dout_relu: -131072 | bias:   42 | dout: 128
Time: 7255 | dout_relu: -131072 | bias:   43 | dout: 128
Time: 7260 | dout_relu: -131072 | bias:   44 | dout: 128
Time: 7265 | dout_relu: -131072 | bias:   45 | dout: 128
Time: 7270 | dout_relu: -131072 | bias:   46 | dout: 128
Time: 7275 | dout_relu: -131072 | bias:   47 | dout: 128
Time: 7280 | dout_relu: -131072 | bias:   48 | dout: 128
Time: 7285 | dout_relu: -131072 | bias:   49 | dout: 128
Time: 7290 | dout_relu: -131072 | bias:   50 | dout: 128
Time: 7295 | dout_relu: -131072 | bias:   51 | dout: 128
Time: 7300 | dout_relu: -131072 | bias:   52 | dout: 128
Time: 7305 | dout_relu: -131072 | bias:   53 | dout: 128
Time: 7310 | dout_relu: -131072 | bias:   54 | dout: 128
Time: 7315 | dout_relu: -131072 | bias:   55 | dout: 128
Time: 7320 | dout_relu: -131072 | bias:   56 | dout: 128
Time: 7325 | dout_relu: -131072 | bias:   57 | dout: 128
Time: 7330 | dout_relu: -131072 | bias:   58 | dout: 128
Time: 7335 | dout_relu: -131072 | bias:   59 | dout: 128
Time: 7340 | dout_relu: -131072 | bias:   60 | dout: 128
Time: 7345 | dout_relu: -131072 | bias:   61 | dout: 128
Time: 7350 | dout_relu: -131072 | bias:   62 | dout: 128
Time: 7355 | dout_relu: -131072 | bias:   63 | dout: 128
Time: 7360 | dout_relu: -131072 | bias:   64 | dout: 128
Time: 7365 | dout_relu: -131072 | bias:   65 | dout: 128
Time: 7370 | dout_relu: -131072 | bias:   66 | dout: 128
Time: 7375 | dout_relu: -131072 | bias:   67 | dout: 128
Time: 7380 | dout_relu: -131072 | bias:   68 | dout: 128
Time: 7385 | dout_relu: -131072 | bias:   69 | dout: 128
Time: 7390 | dout_relu: -131072 | bias:   70 | dout: 128
Time: 7395 | dout_relu: -131072 | bias:   71 | dout: 128
Time: 7400 | dout_relu: -131072 | bias:   72 | dout: 128
Time: 7405 | dout_relu: -131072 | bias:   73 | dout: 128
Time: 7410 | dout_relu: -131072 | bias:   74 | dout: 128
Time: 7415 | dout_relu: -131072 | bias:   75 | dout: 128
Time: 7420 | dout_relu: -131072 | bias:   76 | dout: 128
Time: 7425 | dout_relu: -131072 | bias:   77 | dout: 128
Time: 7430 | dout_relu: -131072 | bias:   78 | dout: 128
Time: 7435 | dout_relu: -131072 | bias:   79 | dout: 128
Time: 7440 | dout_relu: -131072 | bias:   80 | dout: 128
Time: 7445 | dout_relu: -131072 | bias:   81 | dout: 128
Time: 7450 | dout_relu: -131072 | bias:   82 | dout: 128
Time: 7455 | dout_relu: -131072 | bias:   83 | dout: 128
Time: 7460 | dout_relu: -131072 | bias:   84 | dout: 128
Time: 7465 | dout_relu: -131072 | bias:   85 | dout: 128
Time: 7470 | dout_relu: -131072 | bias:   86 | dout: 128
Time: 7475 | dout_relu: -131072 | bias:   87 | dout: 128
Time: 7480 | dout_relu: -131072 | bias:   88 | dout: 128
Time: 7485 | dout_relu: -131072 | bias:   89 | dout: 128
Time: 7490 | dout_relu: -131072 | bias:   90 | dout: 128
Time: 7495 | dout_relu: -131072 | bias:   91 | dout: 128
Time: 7500 | dout_relu: -131072 | bias:   92 | dout: 128
Time: 7505 | dout_relu: -131072 | bias:   93 | dout: 128
Time: 7510 | dout_relu: -131072 | bias:   94 | dout: 128
Time: 7515 | dout_relu: -131072 | bias:   95 | dout: 128
Time: 7520 | dout_relu: -131072 | bias:   96 | dout: 128
Time: 7525 | dout_relu: -131072 | bias:   97 | dout: 128
Time: 7530 | dout_relu: -131072 | bias:   98 | dout: 128
Time: 7535 | dout_relu: -131072 | bias:   99 | dout: 128
Time: 7540 | dout_relu: -131072 | bias:  100 | dout: 128
Time: 7545 | dout_relu: -131072 | bias:  101 | dout: 128
Time: 7550 | dout_relu: -131072 | bias:  102 | dout: 128
Time: 7555 | dout_relu: -131072 | bias:  103 | dout: 128
Time: 7560 | dout_relu: -131072 | bias:  104 | dout: 128
Time: 7565 | dout_relu: -131072 | bias:  105 | dout: 128
Time: 7570 | dout_relu: -131072 | bias:  106 | dout: 128
Time: 7575 | dout_relu: -131072 | bias:  107 | dout: 128
Time: 7580 | dout_relu: -131072 | bias:  108 | dout: 128
Time: 7585 | dout_relu: -131072 | bias:  109 | dout: 128
Time: 7590 | dout_relu: -131072 | bias:  110 | dout: 128
Time: 7595 | dout_relu: -131072 | bias:  111 | dout: 128
Time: 7600 | dout_relu: -131072 | bias:  112 | dout: 128
Time: 7605 | dout_relu: -131072 | bias:  113 | dout: 128
Time: 7610 | dout_relu: -131072 | bias:  114 | dout: 128
Time: 7615 | dout_relu: -131072 | bias:  115 | dout: 128
Time: 7620 | dout_relu: -131072 | bias:  116 | dout: 128
Time: 7625 | dout_relu: -131072 | bias:  117 | dout: 128
Time: 7630 | dout_relu: -131072 | bias:  118 | dout: 128
Time: 7635 | dout_relu: -131072 | bias:  119 | dout: 128
Time: 7640 | dout_relu: -131072 | bias:  120 | dout: 128
Time: 7645 | dout_relu: -131072 | bias:  121 | dout: 128
Time: 7650 | dout_relu: -131072 | bias:  122 | dout: 128
Time: 7655 | dout_relu: -131072 | bias:  123 | dout: 128
Time: 7660 | dout_relu: -131072 | bias:  124 | dout: 128
Time: 7665 | dout_relu: -131072 | bias:  125 | dout: 128
Time: 7670 | dout_relu: -131072 | bias:  126 | dout: 128
Time: 7675 | dout_relu: -131072 | bias:  127 | dout: 128
testbenches/tb_bias_and_quantizes.v:81: $finish called at 7680 (1s)
